#
# A fatal error has been detected by the Java Runtime Environment:
#
#  Internal Error (safepoint.cpp:919), pid=44003, tid=27907
#  fatal error: Illegal threadstate encountered: 4
#
# JRE version: OpenJDK Runtime Environment Microsoft-25199 (11.0.12+7) (build 11.0.12+7)
# Java VM: OpenJDK 64-Bit Server VM Microsoft-25199 (11.0.12+7, mixed mode, tiered, compressed oops, g1 gc, bsd-amd64)
# No core dump will be written. Core dumps have been disabled. To enable core dumping, try "ulimit -c unlimited" before starting Java again
#
# If you would like to submit a bug report, please visit:
#   https://github.com/microsoft/openjdk/issues
# The crash happened outside the Java Virtual Machine in native code.
# See problematic frame for where to report the bug.
#

---------------  S U M M A R Y ------------

Command Line: --module-path=/Users/macbookair/Documents/JavaLibs/javafx-sdk-11.0.2/lib --add-modules=javafx.controls,javafx.fxml Main

Host: MacBookAir7,2 x86_64 1800 MHz, 4 cores, 8G, Darwin 21.6.0
Time: Thu Oct 20 09:40:47 2022 CAT elapsed time: 14.490095 seconds (0d 0h 0m 14s)

---------------  T H R E A D  ---------------

Current thread (0x00007fecc25d5000):  JavaThread "InvokeLaterDispatcher" daemon [_thread_in_native, id=27907, stack(0x0000700007cd9000,0x0000700007dd9000)]

Stack: [0x0000700007cd9000,0x0000700007dd9000],  sp=0x0000700007dd72b0,  free space=1016k
Native frames: (J=compiled Java code, A=aot compiled Java code, j=interpreted, Vv=VM code, C=native code)
V  [libjvm.dylib+0x7d43cb]  VMError::report_and_die(int, char const*, char const*, __va_list_tag*, Thread*, unsigned char*, void*, void*, char const*, int, unsigned long)+0x663
V  [libjvm.dylib+0x7d4abb]  VMError::report_and_die(Thread*, void*, char const*, int, char const*, char const*, __va_list_tag*)+0x47
V  [libjvm.dylib+0x27b67f]  report_fatal(char const*, int, char const*, ...)+0xb5
V  [libjvm.dylib+0x6a9325]  SafepointSynchronize::block(JavaThread*)+0x1d1
V  [libjvm.dylib+0x78bfe2]  JavaThread::check_safepoint_and_suspend_for_native_trans(JavaThread*)+0xaa
V  [libjvm.dylib+0x3f860c]  jni_DeleteGlobalRef+0x93
C  [libglass.dylib+0x8851]  -[GlassRunnable dealloc]+0x31
C  [Foundation+0x8188e]  -[_NSThreadPerformInfo dealloc]+0x2a
C  [Foundation+0x4e406]  -[NSObject(NSThreadPerformAdditions) performSelectorOnMainThread:withObject:waitUntilDone:]+0x7c
j  com.sun.glass.ui.mac.MacApplication._submitForLaterInvocation(Ljava/lang/Runnable;)V+0 javafx.graphics
j  com.sun.glass.ui.mac.MacApplication.submitForLaterInvocation(Ljava/lang/Runnable;)V+2 javafx.graphics
j  com.sun.glass.ui.InvokeLaterDispatcher.run()V+82 javafx.graphics
v  ~StubRoutines::call_stub
V  [libjvm.dylib+0x3bccf0]  JavaCalls::call_helper(JavaValue*, methodHandle const&, JavaCallArguments*, Thread*)+0x21a
V  [libjvm.dylib+0x3bc13a]  JavaCalls::call_virtual(JavaValue*, Klass*, Symbol*, Symbol*, JavaCallArguments*, Thread*)+0xee
V  [libjvm.dylib+0x3bc1f6]  JavaCalls::call_virtual(JavaValue*, Handle, Klass*, Symbol*, Symbol*, Thread*)+0x62
V  [libjvm.dylib+0x442ea1]  thread_entry(JavaThread*, Thread*)+0x78
V  [libjvm.dylib+0x78a996]  JavaThread::thread_main_inner()+0x82
V  [libjvm.dylib+0x78a7e0]  JavaThread::run()+0x174
V  [libjvm.dylib+0x7886c0]  Thread::call_run()+0x68
V  [libjvm.dylib+0x635177]  thread_native_entry(Thread*)+0x139
C  [libsystem_pthread.dylib+0x64e1]  _pthread_start+0x7d
C  [libsystem_pthread.dylib+0x1f6b]  thread_start+0xf

Java frames: (J=compiled Java code, j=interpreted, Vv=VM code)
j  com.sun.glass.ui.mac.MacApplication._submitForLaterInvocation(Ljava/lang/Runnable;)V+0 javafx.graphics
j  com.sun.glass.ui.mac.MacApplication.submitForLaterInvocation(Ljava/lang/Runnable;)V+2 javafx.graphics
j  com.sun.glass.ui.InvokeLaterDispatcher.run()V+82 javafx.graphics
v  ~StubRoutines::call_stub

---------------  P R O C E S S  ---------------

Threads class SMR info:
_java_thread_list=0x00007fecc42d01c0, length=16, elements={
0x00007fecc3010000, 0x00007fecc2015000, 0x00007fecc30a1800, 0x00007fecc30af000,
0x00007fecc2018000, 0x00007fecc30b0000, 0x00007fecc2067800, 0x00007fecc30a9000,
0x00007fecc3155800, 0x00007fecc316d000, 0x00007fecc25d5000, 0x00007fecc25f8000,
0x00007fecc2734800, 0x00007fecc3597800, 0x00007fecc5ba5000, 0x00007fecc62ec000
}

Java Threads: ( => current thread )
  0x00007fecc3010000 JavaThread "main" [_thread_blocked, id=6659, stack(0x0000700006aa0000,0x0000700006ba0000)]
  0x00007fecc2015000 JavaThread "Reference Handler" daemon [_thread_blocked, id=14083, stack(0x00007000071b5000,0x00007000072b5000)]
  0x00007fecc30a1800 JavaThread "Finalizer" daemon [_thread_blocked, id=18179, stack(0x00007000072b8000,0x00007000073b8000)]
  0x00007fecc30af000 JavaThread "Signal Dispatcher" daemon [_thread_blocked, id=15619, stack(0x00007000074c1000,0x00007000075c1000)]
  0x00007fecc2018000 JavaThread "Service Thread" daemon [_thread_blocked, id=22019, stack(0x00007000075c4000,0x00007000076c4000)]
  0x00007fecc30b0000 JavaThread "C2 CompilerThread0" daemon [_thread_blocked, id=22531, stack(0x00007000076c7000,0x00007000077c7000)]
  0x00007fecc2067800 JavaThread "C1 CompilerThread0" daemon [_thread_blocked, id=42499, stack(0x00007000077ca000,0x00007000078ca000)]
  0x00007fecc30a9000 JavaThread "Sweeper thread" daemon [_thread_blocked, id=23043, stack(0x00007000078cd000,0x00007000079cd000)]
  0x00007fecc3155800 JavaThread "Common-Cleaner" daemon [_thread_blocked, id=23555, stack(0x00007000079d0000,0x0000700007ad0000)]
  0x00007fecc316d000 JavaThread "QuantumRenderer-0" daemon [_thread_blocked, id=41219, stack(0x0000700007bd6000,0x0000700007cd6000)]
=>0x00007fecc25d5000 JavaThread "InvokeLaterDispatcher" daemon [_thread_in_native, id=27907, stack(0x0000700007cd9000,0x0000700007dd9000)]
  0x00007fecc25f8000 JavaThread "JavaFX Application Thread" [_thread_in_native, id=259, stack(0x00007ff7bcf0d000,0x00007ff7bd70d000)]
  0x00007fecc2734800 JavaThread "Thread-2" daemon [_thread_in_native, id=84743, stack(0x00007000080e5000,0x0000700008165000)]
  0x00007fecc3597800 JavaThread "JavaFX-Launcher" [_thread_blocked, id=53767, stack(0x00007000082f1000,0x00007000083f1000)]
  0x00007fecc5ba5000 JavaThread "Prism Font Disposer" daemon [_thread_blocked, id=56587, stack(0x00007000083f4000,0x00007000084f4000)]
  0x00007fecc62ec000 JavaThread "Cleaner-0" daemon [_thread_blocked, id=68107, stack(0x00007000085fd000,0x00007000086fd000)]

Other Threads:
  0x00007fecc2014000 VMThread "VM Thread" [stack: 0x00007000070b2000,0x00007000071b2000] [id=13571]
  0x00007fecc2156000 WatcherThread [stack: 0x0000700007ad3000,0x0000700007bd3000] [id=41475]
  0x00007fecc3013000 GCTaskThread "GC Thread#0" [stack: 0x0000700006ba3000,0x0000700006ca3000] [id=11779]
  0x00007fecc25d7000 GCTaskThread "GC Thread#1" [stack: 0x0000700007ddc000,0x0000700007edc000] [id=36355]
  0x00007fecc25fb000 GCTaskThread "GC Thread#2" [stack: 0x0000700007edf000,0x0000700007fdf000] [id=35843]
  0x00007fecc25fb800 GCTaskThread "GC Thread#3" [stack: 0x0000700007fe2000,0x00007000080e2000] [id=28419]
  0x00007fecc3041800 ConcurrentGCThread "G1 Main Marker" [stack: 0x0000700006ca6000,0x0000700006da6000] [id=20995]
  0x00007fecc3042000 ConcurrentGCThread "G1 Conc#0" [stack: 0x0000700006da9000,0x0000700006ea9000] [id=19971]
  0x00007fecc3093000 ConcurrentGCThread "G1 Refine#0" [stack: 0x0000700006eac000,0x0000700006fac000] [id=12547]
  0x00007fecc3093800 ConcurrentGCThread "G1 Young RemSet Sampling" [stack: 0x0000700006faf000,0x00007000070af000] [id=12803]

Threads with active compile tasks:

VM state:not at safepoint (normal execution)

VM Mutex/Monitor currently owned by a thread: None

Heap address: 0x0000000780000000, size: 2048 MB, Compressed Oops mode: Zero based, Oop shift amount: 3
Narrow klass base: 0x0000000800000000, Narrow klass shift: 0
Compressed class space size: 1073741824 Address: 0x0000000800000000

Heap:
 garbage-first heap   total 131072K, used 22171K [0x0000000780000000, 0x0000000800000000)
  region size 1024K, 22 young (22528K), 7 survivors (7168K)
 Metaspace       used 24324K, capacity 25139K, committed 25264K, reserved 1071104K
  class space    used 3103K, capacity 3458K, committed 3504K, reserved 1048576K
Heap Regions: E=young(eden), S=young(survivor), O=old, HS=humongous(starts), HC=humongous(continues), CS=collection set, F=free, A=archive, TAMS=top-at-mark-start (previous, next)
|   0|0x0000000780000000, 0x0000000780100000, 0x0000000780100000|100%|HS|  |TAMS 0x0000000780000000, 0x0000000780000000| Complete 
|   1|0x0000000780100000, 0x0000000780200000, 0x0000000780200000|100%|HC|  |TAMS 0x0000000780100000, 0x0000000780100000| Complete 
|   2|0x0000000780200000, 0x0000000780200000, 0x0000000780300000|  0%| F|  |TAMS 0x0000000780200000, 0x0000000780200000| Untracked 
|   3|0x0000000780300000, 0x0000000780300000, 0x0000000780400000|  0%| F|  |TAMS 0x0000000780300000, 0x0000000780300000| Untracked 
|   4|0x0000000780400000, 0x0000000780400000, 0x0000000780500000|  0%| F|  |TAMS 0x0000000780400000, 0x0000000780400000| Untracked 
|   5|0x0000000780500000, 0x0000000780500000, 0x0000000780600000|  0%| F|  |TAMS 0x0000000780500000, 0x0000000780500000| Untracked 
|   6|0x0000000780600000, 0x0000000780600000, 0x0000000780700000|  0%| F|  |TAMS 0x0000000780600000, 0x0000000780600000| Untracked 
|   7|0x0000000780700000, 0x0000000780700000, 0x0000000780800000|  0%| F|  |TAMS 0x0000000780700000, 0x0000000780700000| Untracked 
|   8|0x0000000780800000, 0x0000000780800000, 0x0000000780900000|  0%| F|  |TAMS 0x0000000780800000, 0x0000000780800000| Untracked 
|   9|0x0000000780900000, 0x0000000780900000, 0x0000000780a00000|  0%| F|  |TAMS 0x0000000780900000, 0x0000000780900000| Untracked 
|  10|0x0000000780a00000, 0x0000000780a00000, 0x0000000780b00000|  0%| F|  |TAMS 0x0000000780a00000, 0x0000000780a00000| Untracked 
|  11|0x0000000780b00000, 0x0000000780b00000, 0x0000000780c00000|  0%| F|  |TAMS 0x0000000780b00000, 0x0000000780b00000| Untracked 
|  12|0x0000000780c00000, 0x0000000780c00000, 0x0000000780d00000|  0%| F|  |TAMS 0x0000000780c00000, 0x0000000780c00000| Untracked 
|  13|0x0000000780d00000, 0x0000000780d00000, 0x0000000780e00000|  0%| F|  |TAMS 0x0000000780d00000, 0x0000000780d00000| Untracked 
|  14|0x0000000780e00000, 0x0000000780e00000, 0x0000000780f00000|  0%| F|  |TAMS 0x0000000780e00000, 0x0000000780e00000| Untracked 
|  15|0x0000000780f00000, 0x0000000780f00000, 0x0000000781000000|  0%| F|  |TAMS 0x0000000780f00000, 0x0000000780f00000| Untracked 
|  16|0x0000000781000000, 0x0000000781000000, 0x0000000781100000|  0%| F|  |TAMS 0x0000000781000000, 0x0000000781000000| Untracked 
|  17|0x0000000781100000, 0x0000000781100000, 0x0000000781200000|  0%| F|  |TAMS 0x0000000781100000, 0x0000000781100000| Untracked 
|  18|0x0000000781200000, 0x0000000781200000, 0x0000000781300000|  0%| F|  |TAMS 0x0000000781200000, 0x0000000781200000| Untracked 
|  19|0x0000000781300000, 0x0000000781300000, 0x0000000781400000|  0%| F|  |TAMS 0x0000000781300000, 0x0000000781300000| Untracked 
|  20|0x0000000781400000, 0x0000000781400000, 0x0000000781500000|  0%| F|  |TAMS 0x0000000781400000, 0x0000000781400000| Untracked 
|  21|0x0000000781500000, 0x0000000781500000, 0x0000000781600000|  0%| F|  |TAMS 0x0000000781500000, 0x0000000781500000| Untracked 
|  22|0x0000000781600000, 0x0000000781600000, 0x0000000781700000|  0%| F|  |TAMS 0x0000000781600000, 0x0000000781600000| Untracked 
|  23|0x0000000781700000, 0x0000000781700000, 0x0000000781800000|  0%| F|  |TAMS 0x0000000781700000, 0x0000000781700000| Untracked 
|  24|0x0000000781800000, 0x0000000781800000, 0x0000000781900000|  0%| F|  |TAMS 0x0000000781800000, 0x0000000781800000| Untracked 
|  25|0x0000000781900000, 0x0000000781900000, 0x0000000781a00000|  0%| F|  |TAMS 0x0000000781900000, 0x0000000781900000| Untracked 
|  26|0x0000000781a00000, 0x0000000781a00000, 0x0000000781b00000|  0%| F|  |TAMS 0x0000000781a00000, 0x0000000781a00000| Untracked 
|  27|0x0000000781b00000, 0x0000000781b00000, 0x0000000781c00000|  0%| F|  |TAMS 0x0000000781b00000, 0x0000000781b00000| Untracked 
|  28|0x0000000781c00000, 0x0000000781c00000, 0x0000000781d00000|  0%| F|  |TAMS 0x0000000781c00000, 0x0000000781c00000| Untracked 
|  29|0x0000000781d00000, 0x0000000781d00000, 0x0000000781e00000|  0%| F|  |TAMS 0x0000000781d00000, 0x0000000781d00000| Untracked 
|  30|0x0000000781e00000, 0x0000000781e00000, 0x0000000781f00000|  0%| F|  |TAMS 0x0000000781e00000, 0x0000000781e00000| Untracked 
|  31|0x0000000781f00000, 0x0000000781f00000, 0x0000000782000000|  0%| F|  |TAMS 0x0000000781f00000, 0x0000000781f00000| Untracked 
|  32|0x0000000782000000, 0x0000000782000000, 0x0000000782100000|  0%| F|  |TAMS 0x0000000782000000, 0x0000000782000000| Untracked 
|  33|0x0000000782100000, 0x0000000782100000, 0x0000000782200000|  0%| F|  |TAMS 0x0000000782100000, 0x0000000782100000| Untracked 
|  34|0x0000000782200000, 0x0000000782200000, 0x0000000782300000|  0%| F|  |TAMS 0x0000000782200000, 0x0000000782200000| Untracked 
|  35|0x0000000782300000, 0x0000000782300000, 0x0000000782400000|  0%| F|  |TAMS 0x0000000782300000, 0x0000000782300000| Untracked 
|  36|0x0000000782400000, 0x0000000782400000, 0x0000000782500000|  0%| F|  |TAMS 0x0000000782400000, 0x0000000782400000| Untracked 
|  37|0x0000000782500000, 0x0000000782500000, 0x0000000782600000|  0%| F|  |TAMS 0x0000000782500000, 0x0000000782500000| Untracked 
|  38|0x0000000782600000, 0x0000000782600000, 0x0000000782700000|  0%| F|  |TAMS 0x0000000782600000, 0x0000000782600000| Untracked 
|  39|0x0000000782700000, 0x0000000782700000, 0x0000000782800000|  0%| F|  |TAMS 0x0000000782700000, 0x0000000782700000| Untracked 
|  40|0x0000000782800000, 0x0000000782800000, 0x0000000782900000|  0%| F|  |TAMS 0x0000000782800000, 0x0000000782800000| Untracked 
|  41|0x0000000782900000, 0x0000000782900000, 0x0000000782a00000|  0%| F|  |TAMS 0x0000000782900000, 0x0000000782900000| Untracked 
|  42|0x0000000782a00000, 0x0000000782a00000, 0x0000000782b00000|  0%| F|  |TAMS 0x0000000782a00000, 0x0000000782a00000| Untracked 
|  43|0x0000000782b00000, 0x0000000782b00000, 0x0000000782c00000|  0%| F|  |TAMS 0x0000000782b00000, 0x0000000782b00000| Untracked 
|  44|0x0000000782c00000, 0x0000000782c00000, 0x0000000782d00000|  0%| F|  |TAMS 0x0000000782c00000, 0x0000000782c00000| Untracked 
|  45|0x0000000782d00000, 0x0000000782d00000, 0x0000000782e00000|  0%| F|  |TAMS 0x0000000782d00000, 0x0000000782d00000| Untracked 
|  46|0x0000000782e00000, 0x0000000782e00000, 0x0000000782f00000|  0%| F|  |TAMS 0x0000000782e00000, 0x0000000782e00000| Untracked 
|  47|0x0000000782f00000, 0x0000000782f00000, 0x0000000783000000|  0%| F|  |TAMS 0x0000000782f00000, 0x0000000782f00000| Untracked 
|  48|0x0000000783000000, 0x0000000783000000, 0x0000000783100000|  0%| F|  |TAMS 0x0000000783000000, 0x0000000783000000| Untracked 
|  49|0x0000000783100000, 0x0000000783100000, 0x0000000783200000|  0%| F|  |TAMS 0x0000000783100000, 0x0000000783100000| Untracked 
|  50|0x0000000783200000, 0x0000000783200000, 0x0000000783300000|  0%| F|  |TAMS 0x0000000783200000, 0x0000000783200000| Untracked 
|  51|0x0000000783300000, 0x0000000783300000, 0x0000000783400000|  0%| F|  |TAMS 0x0000000783300000, 0x0000000783300000| Untracked 
|  52|0x0000000783400000, 0x0000000783400000, 0x0000000783500000|  0%| F|  |TAMS 0x0000000783400000, 0x0000000783400000| Untracked 
|  53|0x0000000783500000, 0x0000000783500000, 0x0000000783600000|  0%| F|  |TAMS 0x0000000783500000, 0x0000000783500000| Untracked 
|  54|0x0000000783600000, 0x0000000783600000, 0x0000000783700000|  0%| F|  |TAMS 0x0000000783600000, 0x0000000783600000| Untracked 
|  55|0x0000000783700000, 0x0000000783700000, 0x0000000783800000|  0%| F|  |TAMS 0x0000000783700000, 0x0000000783700000| Untracked 
|  56|0x0000000783800000, 0x0000000783800000, 0x0000000783900000|  0%| F|  |TAMS 0x0000000783800000, 0x0000000783800000| Untracked 
|  57|0x0000000783900000, 0x0000000783900000, 0x0000000783a00000|  0%| F|  |TAMS 0x0000000783900000, 0x0000000783900000| Untracked 
|  58|0x0000000783a00000, 0x0000000783a00000, 0x0000000783b00000|  0%| F|  |TAMS 0x0000000783a00000, 0x0000000783a00000| Untracked 
|  59|0x0000000783b00000, 0x0000000783b00000, 0x0000000783c00000|  0%| F|  |TAMS 0x0000000783b00000, 0x0000000783b00000| Untracked 
|  60|0x0000000783c00000, 0x0000000783c00000, 0x0000000783d00000|  0%| F|  |TAMS 0x0000000783c00000, 0x0000000783c00000| Untracked 
|  61|0x0000000783d00000, 0x0000000783d00000, 0x0000000783e00000|  0%| F|  |TAMS 0x0000000783d00000, 0x0000000783d00000| Untracked 
|  62|0x0000000783e00000, 0x0000000783e00000, 0x0000000783f00000|  0%| F|  |TAMS 0x0000000783e00000, 0x0000000783e00000| Untracked 
|  63|0x0000000783f00000, 0x0000000783f00000, 0x0000000784000000|  0%| F|  |TAMS 0x0000000783f00000, 0x0000000783f00000| Untracked 
|  64|0x0000000784000000, 0x0000000784000000, 0x0000000784100000|  0%| F|  |TAMS 0x0000000784000000, 0x0000000784000000| Untracked 
|  65|0x0000000784100000, 0x0000000784100000, 0x0000000784200000|  0%| F|  |TAMS 0x0000000784100000, 0x0000000784100000| Untracked 
|  66|0x0000000784200000, 0x0000000784200000, 0x0000000784300000|  0%| F|  |TAMS 0x0000000784200000, 0x0000000784200000| Untracked 
|  67|0x0000000784300000, 0x0000000784300000, 0x0000000784400000|  0%| F|  |TAMS 0x0000000784300000, 0x0000000784300000| Untracked 
|  68|0x0000000784400000, 0x0000000784400000, 0x0000000784500000|  0%| F|  |TAMS 0x0000000784400000, 0x0000000784400000| Untracked 
|  69|0x0000000784500000, 0x0000000784500000, 0x0000000784600000|  0%| F|  |TAMS 0x0000000784500000, 0x0000000784500000| Untracked 
|  70|0x0000000784600000, 0x0000000784600000, 0x0000000784700000|  0%| F|  |TAMS 0x0000000784600000, 0x0000000784600000| Untracked 
|  71|0x0000000784700000, 0x0000000784700000, 0x0000000784800000|  0%| F|  |TAMS 0x0000000784700000, 0x0000000784700000| Untracked 
|  72|0x0000000784800000, 0x0000000784800000, 0x0000000784900000|  0%| F|  |TAMS 0x0000000784800000, 0x0000000784800000| Untracked 
|  73|0x0000000784900000, 0x0000000784900000, 0x0000000784a00000|  0%| F|  |TAMS 0x0000000784900000, 0x0000000784900000| Untracked 
|  74|0x0000000784a00000, 0x0000000784a00000, 0x0000000784b00000|  0%| F|  |TAMS 0x0000000784a00000, 0x0000000784a00000| Untracked 
|  75|0x0000000784b00000, 0x0000000784b00000, 0x0000000784c00000|  0%| F|  |TAMS 0x0000000784b00000, 0x0000000784b00000| Untracked 
|  76|0x0000000784c00000, 0x0000000784c00000, 0x0000000784d00000|  0%| F|  |TAMS 0x0000000784c00000, 0x0000000784c00000| Untracked 
|  77|0x0000000784d00000, 0x0000000784d00000, 0x0000000784e00000|  0%| F|  |TAMS 0x0000000784d00000, 0x0000000784d00000| Untracked 
|  78|0x0000000784e00000, 0x0000000784e00000, 0x0000000784f00000|  0%| F|  |TAMS 0x0000000784e00000, 0x0000000784e00000| Untracked 
|  79|0x0000000784f00000, 0x0000000784f00000, 0x0000000785000000|  0%| F|  |TAMS 0x0000000784f00000, 0x0000000784f00000| Untracked 
|  80|0x0000000785000000, 0x0000000785000000, 0x0000000785100000|  0%| F|  |TAMS 0x0000000785000000, 0x0000000785000000| Untracked 
|  81|0x0000000785100000, 0x0000000785100000, 0x0000000785200000|  0%| F|  |TAMS 0x0000000785100000, 0x0000000785100000| Untracked 
|  82|0x0000000785200000, 0x0000000785200000, 0x0000000785300000|  0%| F|  |TAMS 0x0000000785200000, 0x0000000785200000| Untracked 
|  83|0x0000000785300000, 0x00000007853a6e40, 0x0000000785400000| 65%| S|CS|TAMS 0x0000000785300000, 0x0000000785300000| Complete 
|  84|0x0000000785400000, 0x0000000785500000, 0x0000000785500000|100%| S|CS|TAMS 0x0000000785400000, 0x0000000785400000| Complete 
|  85|0x0000000785500000, 0x0000000785600000, 0x0000000785600000|100%| S|CS|TAMS 0x0000000785500000, 0x0000000785500000| Complete 
|  86|0x0000000785600000, 0x0000000785700000, 0x0000000785700000|100%| S|CS|TAMS 0x0000000785600000, 0x0000000785600000| Complete 
|  87|0x0000000785700000, 0x0000000785800000, 0x0000000785800000|100%| S|CS|TAMS 0x0000000785700000, 0x0000000785700000| Complete 
|  88|0x0000000785800000, 0x0000000785900000, 0x0000000785900000|100%| S|CS|TAMS 0x0000000785800000, 0x0000000785800000| Complete 
|  89|0x0000000785900000, 0x0000000785a00000, 0x0000000785a00000|100%| S|CS|TAMS 0x0000000785900000, 0x0000000785900000| Complete 
|  90|0x0000000785a00000, 0x0000000785a00000, 0x0000000785b00000|  0%| F|  |TAMS 0x0000000785a00000, 0x0000000785a00000| Untracked 
|  91|0x0000000785b00000, 0x0000000785b00000, 0x0000000785c00000|  0%| F|  |TAMS 0x0000000785b00000, 0x0000000785b00000| Untracked 
|  92|0x0000000785c00000, 0x0000000785c00000, 0x0000000785d00000|  0%| F|  |TAMS 0x0000000785c00000, 0x0000000785c00000| Untracked 
|  93|0x0000000785d00000, 0x0000000785d00000, 0x0000000785e00000|  0%| F|  |TAMS 0x0000000785d00000, 0x0000000785d00000| Untracked 
|  94|0x0000000785e00000, 0x0000000785e00000, 0x0000000785f00000|  0%| F|  |TAMS 0x0000000785e00000, 0x0000000785e00000| Untracked 
|  95|0x0000000785f00000, 0x0000000785f00000, 0x0000000786000000|  0%| F|  |TAMS 0x0000000785f00000, 0x0000000785f00000| Untracked 
|  96|0x0000000786000000, 0x0000000786000000, 0x0000000786100000|  0%| F|  |TAMS 0x0000000786000000, 0x0000000786000000| Untracked 
|  97|0x0000000786100000, 0x0000000786100000, 0x0000000786200000|  0%| F|  |TAMS 0x0000000786100000, 0x0000000786100000| Untracked 
|  98|0x0000000786200000, 0x0000000786200000, 0x0000000786300000|  0%| F|  |TAMS 0x0000000786200000, 0x0000000786200000| Untracked 
|  99|0x0000000786300000, 0x0000000786300000, 0x0000000786400000|  0%| F|  |TAMS 0x0000000786300000, 0x0000000786300000| Untracked 
| 100|0x0000000786400000, 0x0000000786400000, 0x0000000786500000|  0%| F|  |TAMS 0x0000000786400000, 0x0000000786400000| Untracked 
| 101|0x0000000786500000, 0x0000000786500000, 0x0000000786600000|  0%| F|  |TAMS 0x0000000786500000, 0x0000000786500000| Untracked 
| 102|0x0000000786600000, 0x0000000786600000, 0x0000000786700000|  0%| F|  |TAMS 0x0000000786600000, 0x0000000786600000| Untracked 
| 103|0x0000000786700000, 0x0000000786700000, 0x0000000786800000|  0%| F|  |TAMS 0x0000000786700000, 0x0000000786700000| Untracked 
| 104|0x0000000786800000, 0x0000000786800000, 0x0000000786900000|  0%| F|  |TAMS 0x0000000786800000, 0x0000000786800000| Untracked 
| 105|0x0000000786900000, 0x0000000786900000, 0x0000000786a00000|  0%| F|  |TAMS 0x0000000786900000, 0x0000000786900000| Untracked 
| 106|0x0000000786a00000, 0x0000000786a00000, 0x0000000786b00000|  0%| F|  |TAMS 0x0000000786a00000, 0x0000000786a00000| Untracked 
| 107|0x0000000786b00000, 0x0000000786b00000, 0x0000000786c00000|  0%| F|  |TAMS 0x0000000786b00000, 0x0000000786b00000| Untracked 
| 108|0x0000000786c00000, 0x0000000786c00000, 0x0000000786d00000|  0%| F|  |TAMS 0x0000000786c00000, 0x0000000786c00000| Untracked 
| 109|0x0000000786d00000, 0x0000000786d00000, 0x0000000786e00000|  0%| F|  |TAMS 0x0000000786d00000, 0x0000000786d00000| Untracked 
| 110|0x0000000786e00000, 0x0000000786e00000, 0x0000000786f00000|  0%| F|  |TAMS 0x0000000786e00000, 0x0000000786e00000| Untracked 
| 111|0x0000000786f00000, 0x0000000786f00000, 0x0000000787000000|  0%| F|  |TAMS 0x0000000786f00000, 0x0000000786f00000| Untracked 
| 112|0x0000000787000000, 0x0000000787000000, 0x0000000787100000|  0%| F|  |TAMS 0x0000000787000000, 0x0000000787000000| Untracked 
| 113|0x0000000787100000, 0x0000000787180800, 0x0000000787200000| 50%| E|  |TAMS 0x0000000787100000, 0x0000000787100000| Complete 
| 114|0x0000000787200000, 0x0000000787300000, 0x0000000787300000|100%| E|CS|TAMS 0x0000000787200000, 0x0000000787200000| Complete 
| 115|0x0000000787300000, 0x0000000787400000, 0x0000000787400000|100%| E|CS|TAMS 0x0000000787300000, 0x0000000787300000| Complete 
| 116|0x0000000787400000, 0x0000000787500000, 0x0000000787500000|100%| E|CS|TAMS 0x0000000787400000, 0x0000000787400000| Complete 
| 117|0x0000000787500000, 0x0000000787600000, 0x0000000787600000|100%| E|CS|TAMS 0x0000000787500000, 0x0000000787500000| Complete 
| 118|0x0000000787600000, 0x0000000787700000, 0x0000000787700000|100%| E|  |TAMS 0x0000000787600000, 0x0000000787600000| Complete 
| 119|0x0000000787700000, 0x0000000787800000, 0x0000000787800000|100%| E|CS|TAMS 0x0000000787700000, 0x0000000787700000| Complete 
| 120|0x0000000787800000, 0x0000000787900000, 0x0000000787900000|100%| E|CS|TAMS 0x0000000787800000, 0x0000000787800000| Complete 
| 121|0x0000000787900000, 0x0000000787a00000, 0x0000000787a00000|100%| E|CS|TAMS 0x0000000787900000, 0x0000000787900000| Complete 
| 122|0x0000000787a00000, 0x0000000787b00000, 0x0000000787b00000|100%| E|CS|TAMS 0x0000000787a00000, 0x0000000787a00000| Complete 
| 123|0x0000000787b00000, 0x0000000787c00000, 0x0000000787c00000|100%| E|CS|TAMS 0x0000000787b00000, 0x0000000787b00000| Complete 
| 124|0x0000000787c00000, 0x0000000787d00000, 0x0000000787d00000|100%| E|CS|TAMS 0x0000000787c00000, 0x0000000787c00000| Complete 
| 125|0x0000000787d00000, 0x0000000787e00000, 0x0000000787e00000|100%| E|CS|TAMS 0x0000000787d00000, 0x0000000787d00000| Complete 
| 126|0x0000000787e00000, 0x0000000787f00000, 0x0000000787f00000|100%| E|CS|TAMS 0x0000000787e00000, 0x0000000787e00000| Complete 
| 127|0x0000000787f00000, 0x0000000788000000, 0x0000000788000000|100%| E|CS|TAMS 0x0000000787f00000, 0x0000000787f00000| Complete 

Card table byte_map: [0x0000000105000000,0x0000000105400000] _byte_map_base: 0x0000000101400000

Marking Bits (Prev, Next): (CMBitMap*) 0x00007fecc3038c50, (CMBitMap*) 0x00007fecc3038c18
 Prev Bits: [0x0000000120417000, 0x0000000122417000)
 Next Bits: [0x0000000106bfb000, 0x0000000108bfb000)

Polling page: 0x0000000102934000

Metaspace:

Usage:
  Non-class:     21.17 MB capacity,    20.72 MB ( 98%) used,   363.58 KB (  2%) free+waste,    96.94 KB ( <1%) overhead. 
      Class:      3.38 MB capacity,     3.03 MB ( 90%) used,   304.40 KB (  9%) free+waste,    50.06 KB (  1%) overhead. 
       Both:     24.55 MB capacity,    23.75 MB ( 97%) used,   667.98 KB (  3%) free+waste,   147.00 KB ( <1%) overhead. 

Virtual space:
  Non-class space:       22.00 MB reserved,      21.25 MB ( 97%) committed 
      Class space:        1.00 GB reserved,       3.42 MB ( <1%) committed 
             Both:        1.02 GB reserved,      24.67 MB (  2%) committed 

Chunk freelists:
   Non-Class:  11.00 KB
       Class:  0 bytes
        Both:  11.00 KB

MaxMetaspaceSize: unlimited
CompressedClassSpaceSize: 1.00 GB
Initial GC threshold: 20.80 MB
Current GC threshold: 34.87 MB
CDS: off

CodeHeap 'non-profiled nmethods': size=120032Kb used=922Kb max_used=922Kb free=119109Kb
 bounds [0x0000000118edf000, 0x000000011914f000, 0x0000000120417000]
CodeHeap 'profiled nmethods': size=120032Kb used=4462Kb max_used=4462Kb free=115569Kb
 bounds [0x00000001119a7000, 0x0000000111e07000, 0x0000000118edf000]
CodeHeap 'non-nmethods': size=5696Kb used=1431Kb max_used=1449Kb free=4264Kb
 bounds [0x0000000111417000, 0x0000000111687000, 0x00000001119a7000]
 total_blobs=3459 nmethods=2689 adapters=683
 compilation: enabled
              stopped_count=0, restarted_count=0
 full_count=0

Compilation events (20 events):
Event: 14.453 Thread 0x00007fecc2067800 2681       1       com.sun.javafx.scene.control.LabeledText::access$100 (5 bytes)
Event: 14.453 Thread 0x00007fecc2067800 nmethod 2681 0x0000000118fc2190 code [0x0000000118fc2340, 0x0000000118fc23d0]
Event: 14.453 Thread 0x00007fecc2067800 2677       1       javafx.scene.Node::access$6500 (5 bytes)
Event: 14.453 Thread 0x00007fecc2067800 nmethod 2677 0x0000000118fc2490 code [0x0000000118fc2640, 0x0000000118fc26d0]
Event: 14.453 Thread 0x00007fecc2067800 2673       1       java.net.URL::getUserInfo (5 bytes)
Event: 14.454 Thread 0x00007fecc2067800 nmethod 2673 0x0000000118fc2790 code [0x0000000118fc2940, 0x0000000118fc29f0]
Event: 14.464 Thread 0x00007fecc2067800 2691       3       javafx.scene.control.Labeled::getContentDisplay (24 bytes)
Event: 14.468 Thread 0x00007fecc2067800 nmethod 2691 0x0000000111df2510 code [0x0000000111df26e0, 0x0000000111df2ae0]
Event: 14.468 Thread 0x00007fecc2067800 2689       3       com.sun.javafx.text.PrismTextLayout::setContent (85 bytes)
Event: 14.469 Thread 0x00007fecc2067800 nmethod 2689 0x0000000111df2c10 code [0x0000000111df2ee0, 0x0000000111df3ff0]
Event: 14.469 Thread 0x00007fecc2067800 2692       3       javafx.scene.CssStyleHelper::getTransitionStates (144 bytes)
Event: 14.471 Thread 0x00007fecc2067800 nmethod 2692 0x0000000111df4590 code [0x0000000111df4860, 0x0000000111df5c20]
Event: 14.471 Thread 0x00007fecc2067800 2694       3       com.sun.javafx.sg.prism.NGNode::invalidateOpaqueRegion (20 bytes)
Event: 14.471 Thread 0x00007fecc2067800 nmethod 2694 0x0000000111df6210 code [0x0000000111df63e0, 0x0000000111df6600]
Event: 14.471 Thread 0x00007fecc2067800 2693       3       javafx.scene.Node::getTransformedBounds (248 bytes)
Event: 14.472 Thread 0x00007fecc2067800 nmethod 2693 0x0000000111df6710 code [0x0000000111df6ae0, 0x0000000111df8b40]
Event: 14.472 Thread 0x00007fecc2067800 2690       1       com.sun.javafx.text.TextRun::getAscent (5 bytes)
Event: 14.472 Thread 0x00007fecc2067800 nmethod 2690 0x0000000118fc2a90 code [0x0000000118fc2c40, 0x0000000118fc2cf0]
Event: 14.479 Thread 0x00007fecc2067800 2696   !   3       com.sun.prism.impl.GlyphCache::getCachedGlyph (461 bytes)
Event: 14.483 Thread 0x00007fecc2067800 nmethod 2696 0x0000000111df9610 code [0x0000000111df9c20, 0x0000000111dfd100]

GC Heap History (4 events):
Event: 1.118 GC heap before
{Heap before GC invocations=0 (full 0):
 garbage-first heap   total 131072K, used 14336K [0x0000000780000000, 0x0000000800000000)
  region size 1024K, 14 young (14336K), 0 survivors (0K)
 Metaspace       used 8732K, capacity 9021K, committed 9216K, reserved 1056768K
  class space    used 872K, capacity 972K, committed 1024K, reserved 1048576K
}
Event: 1.123 GC heap after
{Heap after GC invocations=1 (full 0):
 garbage-first heap   total 131072K, used 1720K [0x0000000780000000, 0x0000000800000000)
  region size 1024K, 2 young (2048K), 2 survivors (2048K)
 Metaspace       used 8732K, capacity 9021K, committed 9216K, reserved 1056768K
  class space    used 872K, capacity 972K, committed 1024K, reserved 1048576K
}
Event: 2.715 GC heap before
{Heap before GC invocations=1 (full 0):
 garbage-first heap   total 131072K, used 37560K [0x0000000780000000, 0x0000000800000000)
  region size 1024K, 38 young (38912K), 2 survivors (2048K)
 Metaspace       used 20513K, capacity 21192K, committed 21296K, reserved 1067008K
  class space    used 2542K, capacity 2835K, committed 2864K, reserved 1048576K
}
Event: 2.728 GC heap after
{Heap after GC invocations=2 (full 0):
 garbage-first heap   total 131072K, used 6811K [0x0000000780000000, 0x0000000800000000)
  region size 1024K, 7 young (7168K), 7 survivors (7168K)
 Metaspace       used 20513K, capacity 21192K, committed 21296K, reserved 1067008K
  class space    used 2542K, capacity 2835K, committed 2864K, reserved 1048576K
}

Deoptimization events (20 events):
Event: 3.851 Thread 0x00007fecc25f8000 Uncommon trap: trap_request=0xffffffc6 fr.pc=0x0000000118f1e484 relative=0x0000000000004f84
Event: 3.851 Thread 0x00007fecc25f8000 Uncommon trap: reason=bimorphic_or_optimized_type_check action=maybe_recompile pc=0x0000000118f1e484 method=java.util.stream.ReferencePipeline$3$1.accept(Ljava/lang/Object;)V @ 12 c2
Event: 3.851 Thread 0x00007fecc25f8000 DEOPT PACKING pc=0x0000000118f1e484 sp=0x00007ff7bd706650
Event: 3.851 Thread 0x00007fecc25f8000 DEOPT UNPACKING pc=0x0000000111460ea5 sp=0x00007ff7bd706670 mode 2
Event: 3.852 Thread 0x00007fecc25f8000 Uncommon trap: trap_request=0xffffff4d fr.pc=0x0000000118f5c558 relative=0x0000000000001318
Event: 3.852 Thread 0x00007fecc25f8000 Uncommon trap: reason=unstable_if action=reinterpret pc=0x0000000118f5c558 method=java.util.concurrent.ConcurrentHashMap.putVal(Ljava/lang/Object;Ljava/lang/Object;Z)Ljava/lang/Object; @ 148 c2
Event: 3.852 Thread 0x00007fecc25f8000 DEOPT PACKING pc=0x0000000118f5c558 sp=0x00007ff7bd702ad0
Event: 3.852 Thread 0x00007fecc25f8000 DEOPT UNPACKING pc=0x0000000111460ea5 sp=0x00007ff7bd702a70 mode 2
Event: 3.945 Thread 0x00007fecc25f8000 Uncommon trap: trap_request=0xffffffc6 fr.pc=0x0000000118f1e484 relative=0x0000000000004f84
Event: 3.945 Thread 0x00007fecc25f8000 Uncommon trap: reason=bimorphic_or_optimized_type_check action=maybe_recompile pc=0x0000000118f1e484 method=java.util.stream.ReferencePipeline$3$1.accept(Ljava/lang/Object;)V @ 12 c2
Event: 3.945 Thread 0x00007fecc25f8000 DEOPT PACKING pc=0x0000000118f1e484 sp=0x00007ff7bd706a40
Event: 3.945 Thread 0x00007fecc25f8000 DEOPT UNPACKING pc=0x0000000111460ea5 sp=0x00007ff7bd706a60 mode 2
Event: 4.893 Thread 0x00007fecc25f8000 Uncommon trap: trap_request=0xffffff4d fr.pc=0x0000000118f4e13c relative=0x000000000000037c
Event: 4.893 Thread 0x00007fecc25f8000 Uncommon trap: reason=unstable_if action=reinterpret pc=0x0000000118f4e13c method=java.lang.StringLatin1.canEncode(I)Z @ 4 c2
Event: 4.893 Thread 0x00007fecc25f8000 DEOPT PACKING pc=0x0000000118f4e13c sp=0x00007ff7bd705ce0
Event: 4.893 Thread 0x00007fecc25f8000 DEOPT UNPACKING pc=0x0000000111460ea5 sp=0x00007ff7bd705c60 mode 2
Event: 4.893 Thread 0x00007fecc25f8000 Uncommon trap: trap_request=0xffffff4d fr.pc=0x0000000118f81ed4 relative=0x0000000000000394
Event: 4.893 Thread 0x00007fecc25f8000 Uncommon trap: reason=unstable_if action=reinterpret pc=0x0000000118f81ed4 method=java.lang.AbstractStringBuilder.isLatin1()Z @ 10 c2
Event: 4.893 Thread 0x00007fecc25f8000 DEOPT PACKING pc=0x0000000118f81ed4 sp=0x00007ff7bd705d30
Event: 4.893 Thread 0x00007fecc25f8000 DEOPT UNPACKING pc=0x0000000111460ea5 sp=0x00007ff7bd705cb0 mode 2

Classes redefined (0 events):
No events

Internal exceptions (20 events):
Event: 1.938 Thread 0x00007fecc25f8000 Exception <a 'java/lang/NoSuchMethodError'{0x0000000786e95378}: 'java.lang.Object java.lang.invoke.DirectMethodHandle$Holder.invokeStatic(java.lang.Object, java.lang.Object, java.lang.Object, java.lang.Object, java.lang.Object, java.lang.Object, java.lang.Object, java.lang.Object, java.lang.Object, java.lang.Object, java.lang.Object, int)'> (0x0000000786e95378) thrown at [./src/hotspot/share/interpreter/linkResolver.cpp, line 773]
Event: 1.942 Thread 0x00007fecc25f8000 Exception <a 'java/lang/NoSuchMethodError'{0x0000000786eb3520}: 'java.lang.Object java.lang.invoke.DirectMethodHandle$Holder.invokeStatic(java.lang.Object, java.lang.Object, java.lang.Object, java.lang.Object, java.lang.Object, java.lang.Object, java.lang.Object, java.lang.Object, java.lang.Object, java.lang.Object, java.lang.Object, int, int)'> (0x0000000786eb3520) thrown at [./src/hotspot/share/interpreter/linkResolver.cpp, line 773]
Event: 1.945 Thread 0x00007fecc25f8000 Exception <a 'java/lang/NoSuchMethodError'{0x0000000786ed2558}: 'java.lang.Object java.lang.invoke.DirectMethodHandle$Holder.invokeStatic(java.lang.Object, java.lang.Object, java.lang.Object, java.lang.Object, java.lang.Object, java.lang.Object, java.lang.Object, java.lang.Object, java.lang.Object, java.lang.Object, java.lang.Object, int, int, java.lang.Object)'> (0x0000000786ed2558) thrown at [./src/hotspot/share/interpreter/linkResolver.cpp, line 773]
Event: 1.950 Thread 0x00007fecc25f8000 Exception <a 'java/lang/NoSuchMethodError'{0x0000000786ef5c88}: 'java.lang.Object java.lang.invoke.DirectMethodHandle$Holder.invokeStatic(java.lang.Object, java.lang.Object, java.lang.Object, java.lang.Object, java.lang.Object, java.lang.Object, java.lang.Object, java.lang.Object, java.lang.Object, java.lang.Object, java.lang.Object, int, int, java.lang.Object, java.lang.Object)'> (0x0000000786ef5c88) thrown at [./src/hotspot/share/interpreter/linkResolver.cpp, line 773]
Event: 2.102 Thread 0x00007fecc25f8000 Exception <a 'java/lang/NoSuchMethodError'{0x00000007869e1ca8}: 'void java.lang.invoke.DirectMethodHandle$Holder.invokeStaticInit(java.lang.Object, java.lang.Object)'> (0x00000007869e1ca8) thrown at [./src/hotspot/share/interpreter/linkResolver.cpp, line 773]
Event: 2.367 Thread 0x00007fecc25f8000 Exception <a 'java/lang/NoSuchMethodError'{0x0000000786742380}: 'java.lang.Object java.lang.invoke.Invokers$Holder.linkToTargetMethod(java.lang.Object, int, java.lang.Object)'> (0x0000000786742380) thrown at [./src/hotspot/share/interpreter/linkResolver.cpp, line 773]
Event: 2.444 Thread 0x00007fecc25f8000 Implicit null exception at 0x0000000118f40d95 to 0x0000000118f41168
Event: 2.460 Thread 0x00007fecc25f8000 Implicit null exception at 0x0000000118f26daf to 0x0000000118f26e29
Event: 2.626 Thread 0x00007fecc25f8000 Exception <a 'java/lang/NoSuchMethodError'{0x0000000785d23748}: 'java.lang.Object java.lang.invoke.DirectMethodHandle$Holder.invokeInterface(java.lang.Object, java.lang.Object, java.lang.Object)'> (0x0000000785d23748) thrown at [./src/hotspot/share/interpreter/linkResolver.cpp, line 773]
Event: 2.626 Thread 0x00007fecc25f8000 Exception <a 'java/lang/IncompatibleClassChangeError'{0x0000000785d26900}: Found class java.lang.Object, but interface was expected> (0x0000000785d26900) thrown at [./src/hotspot/share/interpreter/linkResolver.cpp, line 839]
Event: 2.667 Thread 0x00007fecc25f8000 Exception <a 'java/lang/ClassNotFoundException'{0x0000000785b1f138}: com/sun/javafx/scene/control/skin/resources/controls> (0x0000000785b1f138) thrown at [./src/hotspot/share/prims/jni.cpp, line 636]
Event: 2.668 Thread 0x00007fecc25f8000 Exception <a 'java/lang/ClassNotFoundException'{0x0000000785b2cc90}: com/sun/javafx/scene/control/skin/resources/controls_en> (0x0000000785b2cc90) thrown at [./src/hotspot/share/prims/jni.cpp, line 636]
Event: 2.668 Thread 0x00007fecc25f8000 Exception <a 'java/lang/ClassNotFoundException'{0x0000000785b2edb8}: com/sun/javafx/scene/control/skin/resources/controls_en_MZ> (0x0000000785b2edb8) thrown at [./src/hotspot/share/prims/jni.cpp, line 636]
Event: 2.753 Thread 0x00007fecc25f8000 Exception <a 'java/lang/NoSuchMethodError'{0x0000000787f30840}: 'void java.lang.invoke.DirectMethodHandle$Holder.invokeSpecial(java.lang.Object, java.lang.Object, java.lang.Object, java.lang.Object, java.lang.Object, java.lang.Object)'> (0x0000000787f30840) thrown at [./src/hotspot/share/interpreter/linkResolver.cpp, line 773]
Event: 3.031 Thread 0x00007fecc316d000 Exception <a 'java/lang/NoSuchMethodError'{0x0000000787964148}: 'int java.lang.invoke.DirectMethodHandle$Holder.invokeStaticInit(java.lang.Object, java.lang.Object)'> (0x0000000787964148) thrown at [./src/hotspot/share/interpreter/linkResolver.cpp, line 773]
Event: 3.095 Thread 0x00007fecc25f8000 Exception <a 'java/lang/NoSuchMethodError'{0x0000000787a6b1d8}: 'long java.lang.invoke.DirectMethodHandle$Holder.invokeStaticInit(java.lang.Object, java.lang.Object, java.lang.Object)'> (0x0000000787a6b1d8) thrown at [./src/hotspot/share/interpreter/linkResolver.cpp, line 773]
Event: 3.097 Thread 0x00007fecc25f8000 Exception <a 'java/lang/NoSuchMethodError'{0x0000000787a83820}: 'java.lang.Object java.lang.invoke.DirectMethodHandle$Holder.invokeStatic(java.lang.Object, java.lang.Object, long)'> (0x0000000787a83820) thrown at [./src/hotspot/share/interpreter/linkResolver.cpp, line 773]
Event: 3.098 Thread 0x00007fecc25f8000 Exception <a 'java/lang/NoSuchMethodError'{0x0000000787a89998}: 'java.lang.Object java.lang.invoke.Invokers$Holder.linkToTargetMethod(java.lang.Object, long, java.lang.Object)'> (0x0000000787a89998) thrown at [./src/hotspot/share/interpreter/linkResolver.cpp, line 773]
Event: 3.228 Thread 0x00007fecc25f8000 Exception <a 'java/lang/NoSuchMethodError'{0x00000007876acd58}: 'java.lang.Object java.lang.invoke.DirectMethodHandle$Holder.invokeStatic(java.lang.Object, java.lang.Object, long, int, int, int)'> (0x00000007876acd58) thrown at [./src/hotspot/share/interpreter/linkResolver.cpp, line 773]
Event: 3.232 Thread 0x00007fecc25f8000 Exception <a 'java/lang/NoSuchMethodError'{0x00000007876c09c0}: 'java.lang.Object java.lang.invoke.DirectMethodHandle$Holder.invokeStatic(java.lang.Object, java.lang.Object, int, java.lang.Object, long, int, int, int, int)'> (0x00000007876c09c0) thrown at [./src/hotspot/share/interpreter/linkResolver.cpp, line 773]

Events (20 events):
Event: 7.028 loading class java/util/NavigableMap done
Event: 7.028 loading class java/util/TreeMap done
Event: 7.094 Executing VM operation: RevokeBias
Event: 7.094 Executing VM operation: RevokeBias done
Event: 11.455 Loaded shared library /Users/macbookair/Documents/JavaLibs/javafx-sdk-11.0.2/lib/libprism_es2.dylib
Event: 12.152 loading class com/sun/javafx/tk/quantum/GlassScene
Event: 12.152 loading class com/sun/javafx/tk/quantum/GlassScene done
Event: 12.152 loading class com/sun/javafx/tk/quantum/WindowStage
Event: 12.152 loading class com/sun/javafx/tk/quantum/WindowStage done
Event: 12.155 loading class com/sun/prism/GraphicsResource
Event: 12.155 loading class com/sun/prism/GraphicsResource done
Event: 12.155 loading class com/sun/prism/GraphicsResource
Event: 12.155 loading class com/sun/prism/GraphicsResource done
Event: 12.155 loading class com/sun/javafx/tk/quantum/ViewScene
Event: 12.155 loading class com/sun/javafx/tk/quantum/ViewScene done
Event: 12.156 loading class com/sun/javafx/tk/quantum/WindowStage
Event: 12.156 loading class com/sun/javafx/tk/quantum/WindowStage done
Event: 14.473 Loaded shared library /Users/macbookair/Documents/JavaLibs/javafx-sdk-11.0.2/lib/libprism_es2.dylib
Event: 14.483 Executing VM operation: RevokeBias
Event: 14.483 Executing VM operation: RevokeBias done


Dynamic libraries:
0x000000010291c000 	/Library/Java/JavaVirtualMachines/microsoft-11.jdk/Contents/Home/lib/jli/libjli.dylib
0x00007ff824376000 	/System/Library/Frameworks/Cocoa.framework/Versions/A/Cocoa
0x00007ff80ffce000 	/System/Library/Frameworks/AppKit.framework/Versions/C/AppKit
0x00007ff8134e5000 	/System/Library/Frameworks/CoreData.framework/Versions/A/CoreData
0x00007ff80e3d1000 	/System/Library/Frameworks/Foundation.framework/Versions/C/Foundation
0x00007ff818307000 	/usr/lib/libSystem.B.dylib
0x00007ff810e5e000 	/System/Library/PrivateFrameworks/UIFoundation.framework/Versions/A/UIFoundation
0x00007ff81e278000 	/System/Library/PrivateFrameworks/RemoteViewServices.framework/Versions/A/RemoteViewServices
0x00007ff81655b000 	/System/Library/PrivateFrameworks/XCTTargetBootstrap.framework/Versions/A/XCTTargetBootstrap
0x00007ff81a10e000 	/System/Library/PrivateFrameworks/InternationalSupport.framework/Versions/A/InternationalSupport
0x00007ff81a198000 	/System/Library/PrivateFrameworks/UserActivity.framework/Versions/A/UserActivity
0x00007ff8194ee000 	/usr/lib/libspindump.dylib
0x00007ff8110ed000 	/System/Library/Frameworks/UniformTypeIdentifiers.framework/Versions/A/UniformTypeIdentifiers
0x00007ff814c7f000 	/usr/lib/libapp_launch_measurement.dylib
0x00007ff813eb7000 	/System/Library/PrivateFrameworks/CoreAnalytics.framework/Versions/A/CoreAnalytics
0x00007ff814c82000 	/System/Library/PrivateFrameworks/CoreAutoLayout.framework/Versions/A/CoreAutoLayout
0x00007ff815eb2000 	/System/Library/Frameworks/Metal.framework/Versions/A/Metal
0x00007ff816be1000 	/usr/lib/liblangid.dylib
0x00007ff816560000 	/System/Library/PrivateFrameworks/CoreSVG.framework/Versions/A/CoreSVG
0x00007ff8124d9000 	/System/Library/PrivateFrameworks/SkyLight.framework/Versions/A/SkyLight
0x00007ff812878000 	/System/Library/Frameworks/CoreGraphics.framework/Versions/A/CoreGraphics
0x00007ff81e938000 	/System/Library/Frameworks/Accelerate.framework/Versions/A/Accelerate
0x00007ff818f6d000 	/System/Library/PrivateFrameworks/IconServices.framework/Versions/A/IconServices
0x00007ff815e97000 	/System/Library/Frameworks/IOSurface.framework/Versions/A/IOSurface
0x00007ff813ee5000 	/usr/lib/libDiagnosticMessagesClient.dylib
0x00007ff818227000 	/usr/lib/libz.1.dylib
0x00007ff82201a000 	/System/Library/Frameworks/ApplicationServices.framework/Versions/A/ApplicationServices
0x00007ff816547000 	/System/Library/PrivateFrameworks/DFRFoundation.framework/Versions/A/DFRFoundation
0x00007ff80f8b6000 	/usr/lib/libicucore.A.dylib
0x00007ff81af04000 	/System/Library/Frameworks/AudioToolbox.framework/Versions/A/AudioToolbox
0x00007ff81a11a000 	/System/Library/PrivateFrameworks/DataDetectorsCore.framework/Versions/A/DataDetectorsCore
0x00007ff916618000 	/System/Library/PrivateFrameworks/TextInput.framework/Versions/A/TextInput
0x00007ff81245c000 	/usr/lib/libMobileGestalt.dylib
0x00007ff816253000 	/System/Library/Frameworks/Carbon.framework/Versions/A/Frameworks/HIToolbox.framework/Versions/A/HIToolbox
0x00007ff814682000 	/System/Library/Frameworks/QuartzCore.framework/Versions/A/QuartzCore
0x00007ff80f55b000 	/System/Library/Frameworks/Security.framework/Versions/A/Security
0x00007ff81e2b0000 	/System/Library/Frameworks/Carbon.framework/Versions/A/Frameworks/SpeechRecognition.framework/Versions/A/SpeechRecognition
0x00007ff8149df000 	/System/Library/PrivateFrameworks/CoreUI.framework/Versions/A/CoreUI
0x00007ff80ee25000 	/System/Library/Frameworks/CoreAudio.framework/Versions/A/CoreAudio
0x00007ff813fd4000 	/System/Library/Frameworks/DiskArbitration.framework/Versions/A/DiskArbitration
0x00007ff8198dc000 	/System/Library/PrivateFrameworks/MultitouchSupport.framework/Versions/A/MultitouchSupport
0x00007ff81245b000 	/usr/lib/libenergytrace.dylib
0x00007ff80feba000 	/System/Library/Frameworks/IOKit.framework/Versions/A/IOKit
0x00007ff81e6a0000 	/System/Library/Frameworks/CoreServices.framework/Versions/A/CoreServices
0x00007ff814c19000 	/System/Library/PrivateFrameworks/PerformanceAnalysis.framework/Versions/A/PerformanceAnalysis
0x00007ffa262fa000 	/System/Library/Frameworks/OpenGL.framework/Versions/A/OpenGL
0x00007ff817843000 	/System/Library/PrivateFrameworks/MobileKeyBag.framework/Versions/A/MobileKeyBag
0x00007ff80d39b000 	/usr/lib/libobjc.A.dylib
0x00007ff812f44000 	/System/Library/Frameworks/ColorSync.framework/Versions/A/ColorSync
0x00007ff80d555000 	/System/Library/Frameworks/CoreFoundation.framework/Versions/A/CoreFoundation
0x00007ff8167d7000 	/System/Library/Frameworks/CoreImage.framework/Versions/A/CoreImage
0x00007ff80ec39000 	/System/Library/Frameworks/CoreText.framework/Versions/A/CoreText
0x00007ff816590000 	/System/Library/Frameworks/ImageIO.framework/Versions/A/ImageIO
0x00007ff81830d000 	/System/Library/PrivateFrameworks/SoftLinking.framework/Versions/A/SoftLinking
0x00007ff814cca000 	/usr/lib/libxml2.2.dylib
0x00007ff80d461000 	/usr/lib/libc++.1.dylib
0x00007ff818591000 	/usr/lib/libcompression.dylib
0x00007ff81a041000 	/System/Library/PrivateFrameworks/TextureIO.framework/Versions/A/TextureIO
0x00007ff818c7f000 	/usr/lib/libate.dylib
0x00007ff818302000 	/usr/lib/system/libcache.dylib
0x00007ff8182be000 	/usr/lib/system/libcommonCrypto.dylib
0x00007ff8182e7000 	/usr/lib/system/libcompiler_rt.dylib
0x00007ff8182dd000 	/usr/lib/system/libcopyfile.dylib
0x00007ff80d296000 	/usr/lib/system/libcorecrypto.dylib
0x00007ff80d354000 	/usr/lib/system/libdispatch.dylib
0x00007ff80d514000 	/usr/lib/system/libdyld.dylib
0x00007ff8182f9000 	/usr/lib/system/libkeymgr.dylib
0x00007ff81829c000 	/usr/lib/system/libmacho.dylib
0x00007ff81791d000 	/usr/lib/system/libquarantine.dylib
0x00007ff8182f7000 	/usr/lib/system/libremovefile.dylib
0x00007ff8124a9000 	/usr/lib/system/libsystem_asl.dylib
0x00007ff80d23f000 	/usr/lib/system/libsystem_blocks.dylib
0x00007ff80d3d8000 	/usr/lib/system/libsystem_c.dylib
0x00007ff8182ef000 	/usr/lib/system/libsystem_collections.dylib
0x00007ff816bd1000 	/usr/lib/system/libsystem_configuration.dylib
0x00007ff815e7a000 	/usr/lib/system/libsystem_containermanager.dylib
0x00007ff817fd4000 	/usr/lib/system/libsystem_coreservices.dylib
0x00007ff80fb4a000 	/usr/lib/system/libsystem_darwin.dylib
0x00007ff8182fa000 	/usr/lib/system/libsystem_dnssd.dylib
0x00007ff80d3d5000 	/usr/lib/system/libsystem_featureflags.dylib
0x00007ff80d52a000 	/usr/lib/system/libsystem_info.dylib
0x00007ff81823a000 	/usr/lib/system/libsystem_m.dylib
0x00007ff80d328000 	/usr/lib/system/libsystem_malloc.dylib
0x00007ff812444000 	/usr/lib/system/libsystem_networkextension.dylib
0x00007ff80ff70000 	/usr/lib/system/libsystem_notify.dylib
0x00007ff81e575000 	/usr/lib/system/libsystem_product_info_filter.dylib
0x00007ff816bd5000 	/usr/lib/system/libsystem_sandbox.dylib
0x00007ff8182f4000 	/usr/lib/system/libsystem_secinit.dylib
0x00007ff80d4d0000 	/usr/lib/system/libsystem_kernel.dylib
0x00007ff80d520000 	/usr/lib/system/libsystem_platform.dylib
0x00007ff80d508000 	/usr/lib/system/libsystem_pthread.dylib
0x00007ff813cf7000 	/usr/lib/system/libsystem_symptoms.dylib
0x00007ff80d27d000 	/usr/lib/system/libsystem_trace.dylib
0x00007ff8182ca000 	/usr/lib/system/libunwind.dylib
0x00007ff80d241000 	/usr/lib/system/libxpc.dylib
0x00007ff80d4ba000 	/usr/lib/libc++abi.dylib
0x00007ff8182d5000 	/usr/lib/liboah.dylib
0x00007ff818a5b000 	/usr/lib/liblzma.5.dylib
0x00007ff80e0e3000 	/System/Library/Frameworks/SystemConfiguration.framework/Versions/A/SystemConfiguration
0x00007ff818309000 	/usr/lib/libfakelink.dylib
0x00007ff811fb4000 	/System/Library/Frameworks/CFNetwork.framework/Versions/A/CFNetwork
0x00007ff81844a000 	/usr/lib/libarchive.2.dylib
0x00007ff816bdd000 	/System/Library/PrivateFrameworks/AppleSystemInfo.framework/Versions/A/AppleSystemInfo
0x00007ff817944000 	/usr/lib/libbsm.0.dylib
0x00007ff8115c3000 	/usr/lib/libnetwork.dylib
0x00007ff8182a2000 	/usr/lib/system/libkxld.dylib
0x00007ff817577000 	/System/Library/PrivateFrameworks/IOMobileFramebuffer.framework/Versions/A/IOMobileFramebuffer
0x00007ffb25cc4000 	/usr/lib/libCoreEntitlements.dylib
0x00007ff817fb6000 	/System/Library/PrivateFrameworks/AppleFSCompression.framework/Versions/A/AppleFSCompression
0x00007ff81792c000 	/usr/lib/libcoretls.dylib
0x00007ff818a75000 	/usr/lib/libcoretls_cfhelpers.dylib
0x00007ff81858c000 	/usr/lib/libpam.2.dylib
0x00007ff813916000 	/usr/lib/libsqlite3.dylib
0x00007ff818ae4000 	/usr/lib/libxar.1.dylib
0x00007ff817fc6000 	/usr/lib/libbz2.1.0.dylib
0x00007ff81830e000 	/usr/lib/libpcap.A.dylib
0x00007ff813cef000 	/usr/lib/libdns_services.dylib
0x00007ff81855c000 	/usr/lib/libapple_nghttp2.dylib
0x00007ff818348000 	/usr/lib/libiconv.2.dylib
0x00007ff81829b000 	/usr/lib/libcharset.1.dylib
0x00007ff814c4d000 	/System/Library/Frameworks/CoreServices.framework/Versions/A/Frameworks/FSEvents.framework/Versions/A/FSEvents
0x00007ff80fb54000 	/System/Library/Frameworks/CoreServices.framework/Versions/A/Frameworks/CarbonCore.framework/Versions/A/CarbonCore
0x00007ff813f38000 	/System/Library/Frameworks/CoreServices.framework/Versions/A/Frameworks/Metadata.framework/Versions/A/Metadata
0x00007ff817fd9000 	/System/Library/Frameworks/CoreServices.framework/Versions/A/Frameworks/OSServices.framework/Versions/A/OSServices
0x00007ff8184d1000 	/System/Library/Frameworks/CoreServices.framework/Versions/A/Frameworks/SearchKit.framework/Versions/A/SearchKit
0x00007ff813c81000 	/System/Library/Frameworks/CoreServices.framework/Versions/A/Frameworks/AE.framework/Versions/A/AE
0x00007ff80da58000 	/System/Library/Frameworks/CoreServices.framework/Versions/A/Frameworks/LaunchServices.framework/Versions/A/LaunchServices
0x00007ff818a0c000 	/System/Library/Frameworks/CoreServices.framework/Versions/A/Frameworks/DictionaryServices.framework/Versions/A/DictionaryServices
0x00007ff814c5a000 	/System/Library/Frameworks/CoreServices.framework/Versions/A/Frameworks/SharedFileList.framework/Versions/A/SharedFileList
0x00007ff817920000 	/usr/lib/libCheckFix.dylib
0x00007ff8124c0000 	/System/Library/PrivateFrameworks/TCC.framework/Versions/A/TCC
0x00007ff816be3000 	/System/Library/PrivateFrameworks/CoreNLP.framework/Versions/A/CoreNLP
0x00007ff813ee8000 	/System/Library/PrivateFrameworks/MetadataUtilities.framework/Versions/A/MetadataUtilities
0x00007ff80e194000 	/usr/lib/libmecabra.dylib
0x00007ff817954000 	/usr/lib/libmecab.dylib
0x00007ff80e15f000 	/usr/lib/libCRFSuite.dylib
0x00007ff8179ae000 	/usr/lib/libgermantok.dylib
0x00007ff818537000 	/usr/lib/libThaiTokenizer.dylib
0x00007ff813fdb000 	/System/Library/Frameworks/Accelerate.framework/Versions/A/Frameworks/vImage.framework/Versions/A/vImage
0x00007ff81e677000 	/System/Library/Frameworks/Accelerate.framework/Versions/A/Frameworks/vecLib.framework/Versions/A/vecLib
0x00007ff818b25000 	/System/Library/Frameworks/Accelerate.framework/Versions/A/Frameworks/vecLib.framework/Versions/A/libvMisc.dylib
0x00007ff8173a2000 	/System/Library/Frameworks/Accelerate.framework/Versions/A/Frameworks/vecLib.framework/Versions/A/libvDSP.dylib
0x00007ff80ddd3000 	/System/Library/Frameworks/Accelerate.framework/Versions/A/Frameworks/vecLib.framework/Versions/A/libBLAS.dylib
0x00007ff81866e000 	/System/Library/Frameworks/Accelerate.framework/Versions/A/Frameworks/vecLib.framework/Versions/A/libLAPACK.dylib
0x00007ff8179b1000 	/System/Library/Frameworks/Accelerate.framework/Versions/A/Frameworks/vecLib.framework/Versions/A/libLinearAlgebra.dylib
0x00007ff818574000 	/System/Library/Frameworks/Accelerate.framework/Versions/A/Frameworks/vecLib.framework/Versions/A/libSparseBLAS.dylib
0x00007ff818668000 	/System/Library/Frameworks/Accelerate.framework/Versions/A/Frameworks/vecLib.framework/Versions/A/libQuadrature.dylib
0x00007ff816cce000 	/System/Library/Frameworks/Accelerate.framework/Versions/A/Frameworks/vecLib.framework/Versions/A/libBNNS.dylib
0x00007ff80e06d000 	/System/Library/Frameworks/Accelerate.framework/Versions/A/Frameworks/vecLib.framework/Versions/A/libSparse.dylib
0x00007ff816cc7000 	/System/Library/PrivateFrameworks/LinguisticData.framework/Versions/A/LinguisticData
0x00007ff80e023000 	/System/Library/PrivateFrameworks/Lexicon.framework/Versions/A/Lexicon
0x00007ff818b1e000 	/usr/lib/libChineseTokenizer.dylib
0x00007ff80e78e000 	/System/Library/PrivateFrameworks/LanguageModeling.framework/Versions/A/LanguageModeling
0x00007ff818539000 	/System/Library/PrivateFrameworks/AppleSauce.framework/Versions/A/AppleSauce
0x00007ff817565000 	/System/Library/PrivateFrameworks/CoreEmoji.framework/Versions/A/CoreEmoji
0x00007ff818439000 	/usr/lib/libcmph.dylib
0x00007ff814c31000 	/System/Library/Frameworks/OpenDirectory.framework/Versions/A/Frameworks/CFOpenDirectory.framework/Versions/A/CFOpenDirectory
0x00007ff814c25000 	/System/Library/Frameworks/OpenDirectory.framework/Versions/A/OpenDirectory
0x00007ff818a77000 	/System/Library/PrivateFrameworks/APFS.framework/Versions/A/APFS
0x00007ff81787b000 	/System/Library/Frameworks/SecurityFoundation.framework/Versions/A/SecurityFoundation
0x00007ff818af2000 	/usr/lib/libutil.dylib
0x00007ff80fe7e000 	/System/Library/PrivateFrameworks/CoreServicesStore.framework/Versions/A/CoreServicesStore
0x00007ff818af6000 	/usr/lib/libxslt.1.dylib
0x00007ff817908000 	/System/Library/PrivateFrameworks/BackgroundTaskManagement.framework/Versions/A/BackgroundTaskManagement
0x00007ff819f61000 	/System/Library/Frameworks/ImageIO.framework/Versions/A/Resources/libRadiance.dylib
0x00007ff819f6a000 	/System/Library/Frameworks/ImageIO.framework/Versions/A/Resources/libJPEG.dylib
0x00007ff819ebb000 	/System/Library/Frameworks/ImageIO.framework/Versions/A/Resources/libPng.dylib
0x00007ff819edc000 	/System/Library/Frameworks/ImageIO.framework/Versions/A/Resources/libTIFF.dylib
0x00007ff819fca000 	/System/Library/Frameworks/ImageIO.framework/Versions/A/Resources/libGIF.dylib
0x00007ff8197f6000 	/System/Library/Frameworks/ImageIO.framework/Versions/A/Resources/libJP2.dylib
0x00007ff818f34000 	/usr/lib/libexpat.1.dylib
0x00007ff8197ab000 	/System/Library/PrivateFrameworks/AppleJPEG.framework/Versions/A/AppleJPEG
0x00007ff816117000 	/System/Library/PrivateFrameworks/FontServices.framework/libFontParser.dylib
0x00007ff813c2b000 	/System/Library/PrivateFrameworks/RunningBoardServices.framework/Versions/A/RunningBoardServices
0x00007ff824931000 	/System/Library/PrivateFrameworks/IOSurfaceAccelerator.framework/Versions/A/IOSurfaceAccelerator
0x00007ff8198d8000 	/System/Library/PrivateFrameworks/WatchdogClient.framework/Versions/A/WatchdogClient
0x00007ff80e87c000 	/System/Library/Frameworks/CoreDisplay.framework/Versions/A/CoreDisplay
0x00007ff816015000 	/System/Library/Frameworks/CoreMedia.framework/Versions/A/CoreMedia
0x00007ff815ea9000 	/System/Library/PrivateFrameworks/IOAccelerator.framework/Versions/A/IOAccelerator
0x00007ff814dae000 	/System/Library/Frameworks/CoreVideo.framework/Versions/A/CoreVideo
0x00007ff81858a000 	/System/Library/Frameworks/MetalPerformanceShaders.framework/Versions/A/MetalPerformanceShaders
0x00007ff819915000 	/System/Library/Frameworks/VideoToolbox.framework/Versions/A/VideoToolbox
0x00007ff813b75000 	/System/Library/PrivateFrameworks/BaseBoard.framework/Versions/A/BaseBoard
0x00007ff8138fc000 	/System/Library/PrivateFrameworks/ProtocolBuffer.framework/Versions/A/ProtocolBuffer
0x00007ff819f5a000 	/System/Library/PrivateFrameworks/GPUWrangler.framework/Versions/A/GPUWrangler
0x00007ff819f3e000 	/System/Library/PrivateFrameworks/IOPresentment.framework/Versions/A/IOPresentment
0x00007ff819f64000 	/System/Library/PrivateFrameworks/DSExternalDisplay.framework/Versions/A/DSExternalDisplay
0x00007ffa262ee000 	/System/Library/Frameworks/OpenGL.framework/Versions/A/Libraries/libCoreFSCache.dylib
0x00007ffb133c5000 	/System/Library/PrivateFrameworks/GPUCompiler.framework/Versions/31001/Libraries/libGPUCompilerUtils.dylib
0x00007ff819fcf000 	/System/Library/PrivateFrameworks/CMCaptureCore.framework/Versions/A/CMCaptureCore
0x00007ff8194dc000 	/System/Library/PrivateFrameworks/AppServerSupport.framework/Versions/A/AppServerSupport
0x00007ff81b79d000 	/System/Library/PrivateFrameworks/perfdata.framework/Versions/A/perfdata
0x00007ff80e9a8000 	/System/Library/PrivateFrameworks/AudioToolboxCore.framework/Versions/A/AudioToolboxCore
0x00007ff815ff3000 	/System/Library/PrivateFrameworks/caulk.framework/Versions/A/caulk
0x00007ff81b0af000 	/usr/lib/libAudioStatistics.dylib
0x00007ff912da6000 	/System/Library/PrivateFrameworks/SystemPolicy.framework/Versions/A/SystemPolicy
0x00007ff81b30a000 	/usr/lib/libSMC.dylib
0x00007ff824229000 	/System/Library/Frameworks/CoreMIDI.framework/Versions/A/CoreMIDI
0x00007ff819e8a000 	/usr/lib/libAudioToolboxUtility.dylib
0x00007ff90efd2000 	/System/Library/PrivateFrameworks/OSAServicesClient.framework/Versions/A/OSAServicesClient
0x00007ff81b7aa000 	/usr/lib/libperfcheck.dylib
0x00007ff913853000 	/usr/lib/libmis.dylib
0x00007ffa26349000 	/System/Library/Frameworks/OpenGL.framework/Versions/A/Libraries/libGLU.dylib
0x00007ffa2630d000 	/System/Library/Frameworks/OpenGL.framework/Versions/A/Libraries/libGFXShared.dylib
0x00007ffa26516000 	/System/Library/Frameworks/OpenGL.framework/Versions/A/Libraries/libGL.dylib
0x00007ffa26316000 	/System/Library/Frameworks/OpenGL.framework/Versions/A/Libraries/libGLImage.dylib
0x00007ffa2630a000 	/System/Library/Frameworks/OpenGL.framework/Versions/A/Libraries/libCVMSPluginSupport.dylib
0x00007ffa262f5000 	/System/Library/Frameworks/OpenGL.framework/Versions/A/Libraries/libCoreVMClient.dylib
0x00007ff816b5f000 	/System/Library/Frameworks/MetalPerformanceShaders.framework/Versions/A/Frameworks/MPSCore.framework/Versions/A/MPSCore
0x00007ff817f21000 	/System/Library/Frameworks/MetalPerformanceShaders.framework/Versions/A/Frameworks/MPSImage.framework/Versions/A/MPSImage
0x00007ff8179c7000 	/System/Library/Frameworks/MetalPerformanceShaders.framework/Versions/A/Frameworks/MPSNeuralNetwork.framework/Versions/A/MPSNeuralNetwork
0x00007ff817e3b000 	/System/Library/Frameworks/MetalPerformanceShaders.framework/Versions/A/Frameworks/MPSMatrix.framework/Versions/A/MPSMatrix
0x00007ff817bf6000 	/System/Library/Frameworks/MetalPerformanceShaders.framework/Versions/A/Frameworks/MPSRayIntersector.framework/Versions/A/MPSRayIntersector
0x00007ff817e73000 	/System/Library/Frameworks/MetalPerformanceShaders.framework/Versions/A/Frameworks/MPSNDArray.framework/Versions/A/MPSNDArray
0x00007ffa2bdce000 	/System/Library/Frameworks/MetalPerformanceShaders.framework/Versions/A/Frameworks/MPSFunctions.framework/Versions/A/MPSFunctions
0x00007ff80dcaf000 	/System/Library/PrivateFrameworks/MetalTools.framework/Versions/A/MetalTools
0x00007ff816bdb000 	/System/Library/PrivateFrameworks/AggregateDictionary.framework/Versions/A/AggregateDictionary
0x00007ff818d16000 	/usr/lib/libIOReport.dylib
0x00007ffa27925000 	/System/Library/Frameworks/OpenCL.framework/Versions/A/OpenCL
0x00007ff81907a000 	/System/Library/PrivateFrameworks/FaceCore.framework/Versions/A/FaceCore
0x00007ff81906b000 	/System/Library/PrivateFrameworks/GraphVisualizer.framework/Versions/A/GraphVisualizer
0x00007ffb132d0000 	/System/Library/PrivateFrameworks/FontServices.framework/Versions/A/FontServices
0x00007ff819494000 	/System/Library/PrivateFrameworks/OTSVG.framework/Versions/A/OTSVG
0x00007ff814995000 	/System/Library/Frameworks/ApplicationServices.framework/Versions/A/Frameworks/ATS.framework/Versions/A/Resources/libFontRegistry.dylib
0x00007ff8194e4000 	/System/Library/PrivateFrameworks/FontServices.framework/libhvf.dylib
0x00007ffb132d1000 	/System/Library/PrivateFrameworks/FontServices.framework/libXTFontStaticRegistryData.dylib
0x00007ff818ee4000 	/System/Library/PrivateFrameworks/AppleVA.framework/Versions/A/AppleVA
0x00007ff81b0cf000 	/System/Library/Frameworks/ApplicationServices.framework/Versions/A/Frameworks/ATS.framework/Versions/A/ATS
0x00007ff813042000 	/System/Library/Frameworks/ApplicationServices.framework/Versions/A/Frameworks/HIServices.framework/Versions/A/HIServices
0x00007ff819fd9000 	/System/Library/Frameworks/ApplicationServices.framework/Versions/A/Frameworks/PrintCore.framework/Versions/A/PrintCore
0x00007ff81b45d000 	/System/Library/Frameworks/ApplicationServices.framework/Versions/A/Frameworks/QD.framework/Versions/A/QD
0x00007ff81b455000 	/System/Library/Frameworks/ApplicationServices.framework/Versions/A/Frameworks/ColorSyncLegacy.framework/Versions/A/ColorSyncLegacy
0x00007ff81b0bf000 	/System/Library/Frameworks/ApplicationServices.framework/Versions/A/Frameworks/SpeechSynthesis.framework/Versions/A/SpeechSynthesis
0x00007ff819f9a000 	/System/Library/Frameworks/ApplicationServices.framework/Versions/A/Frameworks/ATSUI.framework/Versions/A/ATSUI
0x00007ff81b3ea000 	/usr/lib/libcups.2.dylib
0x00007ff81b7b9000 	/System/Library/Frameworks/Kerberos.framework/Versions/A/Kerberos
0x00007ff81b7c8000 	/System/Library/Frameworks/GSS.framework/Versions/A/GSS
0x00007ff81b13b000 	/usr/lib/libresolv.9.dylib
0x00007ff8194f3000 	/System/Library/PrivateFrameworks/Heimdal.framework/Versions/A/Heimdal
0x00007ff8223ac000 	/System/Library/Frameworks/Kerberos.framework/Versions/A/Libraries/libHeimdalProxy.dylib
0x00007ff813cff000 	/System/Library/Frameworks/Network.framework/Versions/A/Network
0x00007ff818f4e000 	/usr/lib/libheimdal-asn1.dylib
0x00007ff81b813000 	/System/Library/PrivateFrameworks/CommonAuth.framework/Versions/A/CommonAuth
0x00007ff81b041000 	/System/Library/PrivateFrameworks/AudioSession.framework/Versions/A/AudioSession
0x00007ff818fde000 	/System/Library/PrivateFrameworks/MediaExperience.framework/Versions/A/MediaExperience
0x00007ff81aed3000 	/System/Library/PrivateFrameworks/AudioSession.framework/libSessionUtility.dylib
0x00007ff81b469000 	/System/Library/PrivateFrameworks/AudioResourceArbitration.framework/Versions/A/AudioResourceArbitration
0x00007ff81f4ea000 	/System/Library/PrivateFrameworks/PowerLog.framework/Versions/A/PowerLog
0x00007ff818f57000 	/System/Library/PrivateFrameworks/IconFoundation.framework/Versions/A/IconFoundation
0x00007ff81e2a0000 	/System/Library/PrivateFrameworks/SpeechRecognitionCore.framework/Versions/A/SpeechRecognitionCore
0x0000000105dd8000 	/Library/Java/JavaVirtualMachines/microsoft-11.jdk/Contents/Home/lib/server/libjvm.dylib
0x0000000102947000 	/Library/Java/JavaVirtualMachines/microsoft-11.jdk/Contents/Home/lib/libverify.dylib
0x000000010298b000 	/Library/Java/JavaVirtualMachines/microsoft-11.jdk/Contents/Home/lib/libjava.dylib
0x000000010295b000 	/Library/Java/JavaVirtualMachines/microsoft-11.jdk/Contents/Home/lib/libjimage.dylib
0x00000001029fb000 	/Library/Java/JavaVirtualMachines/microsoft-11.jdk/Contents/Home/lib/libzip.dylib
0x0000000105845000 	/Library/Java/JavaVirtualMachines/microsoft-11.jdk/Contents/Home/lib/libnio.dylib
0x000000010585b000 	/Library/Java/JavaVirtualMachines/microsoft-11.jdk/Contents/Home/lib/libnet.dylib
0x0000000102fee000 	/Users/macbookair/Documents/JavaLibs/javafx-sdk-11.0.2/lib/libprism_es2.dylib
0x00007ff80fe40000 	/System/Library/PrivateFrameworks/CoreServicesInternal.framework/Versions/A/CoreServicesInternal
0x00007ffa26521000 	/System/Library/Frameworks/OpenGL.framework/Versions/A/Resources/GLEngine.bundle/GLEngine
0x00007ffa26387000 	/System/Library/Frameworks/OpenGL.framework/Versions/A/Libraries/libGLProgrammability.dylib
0x00007ffa1ecf3000 	/System/Library/Extensions/AppleIntelBDWGraphicsGLDriver.bundle/Contents/MacOS/AppleIntelBDWGraphicsGLDriver
0x00007ff91d9ee000 	/System/Library/PrivateFrameworks/GPUSupport.framework/Versions/A/Libraries/libGPUSupportMercury.dylib
0x00007ffa266ab000 	/System/Library/Frameworks/OpenGL.framework/Versions/A/Resources/GLRendererFloat.bundle/GLRendererFloat
0x0000000105d47000 	/Users/macbookair/Documents/JavaLibs/javafx-sdk-11.0.2/lib/libglass.dylib
0x00007ff81fadb000 	/System/Library/Frameworks/FileProvider.framework/Versions/A/FileProvider
0x00007ff813ae2000 	/System/Library/Frameworks/Accounts.framework/Versions/A/Accounts
0x00007ff81fc54000 	/System/Library/PrivateFrameworks/GenerationalStorage.framework/Versions/A/GenerationalStorage
0x00007ff820764000 	/System/Library/PrivateFrameworks/CoreSymbolication.framework/Versions/A/CoreSymbolication
0x00007ff81f4df000 	/System/Library/PrivateFrameworks/SymptomDiagnosticReporter.framework/Versions/A/SymptomDiagnosticReporter
0x00007ff811101000 	/System/Library/PrivateFrameworks/DesktopServicesPriv.framework/Versions/A/DesktopServicesPriv
0x00007ff80ff7f000 	/usr/lib/libsandbox.1.dylib
0x00007ff814e2d000 	/System/Library/PrivateFrameworks/UserManagement.framework/Versions/A/UserManagement
0x00007ff820729000 	/System/Library/PrivateFrameworks/DebugSymbols.framework/Versions/A/DebugSymbols
0x00007ff81b44a000 	/System/Library/PrivateFrameworks/NetAuth.framework/Versions/A/NetAuth
0x00007ff81c359000 	/System/Library/PrivateFrameworks/Sharing.framework/Versions/A/Sharing
0x00007ff814e00000 	/System/Library/PrivateFrameworks/login.framework/Versions/A/Frameworks/loginsupport.framework/Versions/A/loginsupport
0x00007ff8218c7000 	/System/Library/PrivateFrameworks/Apple80211.framework/Versions/A/Apple80211
0x00007ff818006000 	/System/Library/PrivateFrameworks/AuthKit.framework/Versions/A/AuthKit
0x00007ff81765b000 	/System/Library/PrivateFrameworks/CoreUtils.framework/Versions/A/CoreUtils
0x00007ff817582000 	/System/Library/Frameworks/CoreWLAN.framework/Versions/A/CoreWLAN
0x00007ff81c4b8000 	/System/Library/Frameworks/IOBluetooth.framework/Versions/A/IOBluetooth
0x00007ff82192f000 	/System/Library/PrivateFrameworks/CoreWiFi.framework/Versions/A/CoreWiFi
0x00007ff8202fe000 	/System/Library/PrivateFrameworks/FrontBoardServices.framework/Versions/A/FrontBoardServices
0x00007ff82038f000 	/System/Library/PrivateFrameworks/BoardServices.framework/Versions/A/BoardServices
0x00007ff81786a000 	/System/Library/PrivateFrameworks/AssertionServices.framework/Versions/A/AssertionServices
0x00007ff821ab2000 	/System/Library/PrivateFrameworks/BackBoardServices.framework/Versions/A/BackBoardServices
0x00007ff81b8a4000 	/System/Library/PrivateFrameworks/CorePhoneNumbers.framework/Versions/A/CorePhoneNumbers
0x00007ff81b168000 	/System/Library/PrivateFrameworks/MultiverseSupport.framework/Versions/A/MultiverseSupport
0x00007ff821d25000 	/System/Library/PrivateFrameworks/RemoteServiceDiscovery.framework/Versions/A/RemoteServiceDiscovery
0x00007ff81f5fc000 	/System/Library/PrivateFrameworks/DiskManagement.framework/Versions/A/DiskManagement
0x00007ff81f510000 	/System/Library/PrivateFrameworks/AppleIDAuthSupport.framework/Versions/A/AppleIDAuthSupport
0x00007ffb0dc4b000 	/System/Library/PrivateFrameworks/AAAFoundation.framework/Versions/A/AAAFoundation
0x00007ff81b885000 	/System/Library/PrivateFrameworks/KeychainCircle.framework/Versions/A/KeychainCircle
0x00007ff821d35000 	/System/Library/PrivateFrameworks/RemoteXPC.framework/Versions/A/RemoteXPC
0x00007ff81f5c8000 	/System/Library/PrivateFrameworks/MediaKit.framework/Versions/A/MediaKit
0x00007ff81f51c000 	/System/Library/Frameworks/DiscRecording.framework/Versions/A/DiscRecording
0x00007ff818e5c000 	/usr/lib/libCoreStorage.dylib
0x00007ff821da0000 	/usr/lib/libcsfde.dylib
0x00007ff81c585000 	/System/Library/PrivateFrameworks/ProtectedCloudStorage.framework/Versions/A/ProtectedCloudStorage
0x00007ff821d9c000 	/System/Library/PrivateFrameworks/EFILogin.framework/Versions/A/EFILogin
0x00007ff81fc7a000 	/System/Library/PrivateFrameworks/OctagonTrust.framework/Versions/A/OctagonTrust
0x00007ffb12533000 	/System/Library/PrivateFrameworks/CoreUtilsExtras.framework/Versions/A/CoreUtilsExtras
0x00007ff81f443000 	/System/Library/Frameworks/CoreBluetooth.framework/Versions/A/CoreBluetooth
0x00007ff822431000 	/System/Library/Frameworks/AudioUnit.framework/Versions/A/AudioUnit
0x00007ff818e54000 	/usr/lib/libMatch.1.dylib
0x00007ff917e77000 	/System/Library/Frameworks/Accelerate.framework/Versions/A/Frameworks/vImage.framework/Versions/A/Libraries/libCGInterfaces.dylib
0x0000000128bf1000 	/usr/lib/libobjc-trampolines.dylib
0x00007ff814b25000 	/System/Library/PrivateFrameworks/ViewBridge.framework/Versions/A/ViewBridge
0x00007ffb0e30d000 	/System/Library/PrivateFrameworks/AccessibilityBundles.framework/Versions/A/AccessibilityBundles
0x000000012b45a000 	/Users/macbookair/Documents/JavaLibs/javafx-sdk-11.0.2/lib/libjavafx_font.dylib
0x00007ffb25db3000 	/usr/lib/libRosetta.dylib
0x00007ff8195aa000 	/System/Library/PrivateFrameworks/login.framework/Versions/A/login
0x000000012be04000 	/System/Library/Frameworks/FileProvider.framework/OverrideBundles/CloudDocsFileProvider.bundle/Contents/MacOS/CloudDocsFileProvider
0x00007ff815044000 	/System/Library/PrivateFrameworks/CloudDocs.framework/Versions/A/CloudDocs
0x00007ff8220d0000 	/System/Library/PrivateFrameworks/AppleAccount.framework/Versions/A/AppleAccount
0x00007ff81c56c000 	/System/Library/PrivateFrameworks/AppContainer.framework/Versions/A/AppContainer
0x00007ff81c028000 	/System/Library/PrivateFrameworks/IDS.framework/Versions/A/IDS
0x00007ff822228000 	/System/Library/PrivateFrameworks/AppleIDSSOAuthentication.framework/Versions/A/AppleIDSSOAuthentication
0x00007ff814e03000 	/System/Library/PrivateFrameworks/ApplePushService.framework/Versions/A/ApplePushService
0x00007ff821e22000 	/System/Library/PrivateFrameworks/AppSupport.framework/Versions/A/AppSupport
0x00007ff81ae38000 	/System/Library/PrivateFrameworks/IMFoundation.framework/Versions/A/IMFoundation
0x00007ff90e816000 	/System/Library/PrivateFrameworks/Marco.framework/Versions/A/Marco
0x00007ff81c19c000 	/System/Library/PrivateFrameworks/IDSFoundation.framework/Versions/A/IDSFoundation
0x00007ff813b5d000 	/System/Library/PrivateFrameworks/CommonUtilities.framework/Versions/A/CommonUtilities
0x00007ff913463000 	/System/Library/PrivateFrameworks/FTServices.framework/Versions/A/FTServices
0x00007ff825c86000 	/System/Library/PrivateFrameworks/Engram.framework/Versions/A/Engram
0x00007ff825c2d000 	/usr/lib/libtidy.A.dylib
0x00007ff819757000 	/System/Library/PrivateFrameworks/Bom.framework/Versions/A/Bom
0x00007ff81b178000 	/usr/lib/libParallelCompression.dylib
0x00007ff818d1f000 	/System/Library/PrivateFrameworks/CrashReporterSupport.framework/Versions/A/CrashReporterSupport
0x00007ff91d7b7000 	/System/Library/PrivateFrameworks/FTAWD.framework/Versions/A/FTAWD
0x00007ff91f88f000 	/System/Library/PrivateFrameworks/OSAnalytics.framework/Versions/A/OSAnalytics
0x00007ff92aa41000 	/System/Library/PrivateFrameworks/Symbolication.framework/Versions/A/Symbolication
0x00007ff913830000 	/System/Library/PrivateFrameworks/MallocStackLogging.framework/Versions/A/MallocStackLogging
0x00007ff81e9b0000 	/System/Library/PrivateFrameworks/CoreDaemon.framework/Versions/B/CoreDaemon
0x00007ff81e9ab000 	/System/Library/PrivateFrameworks/AppleSRP.framework/Versions/A/AppleSRP
0x00007ff817912000 	/System/Library/Frameworks/ServiceManagement.framework/Versions/A/ServiceManagement
0x00007ff81c581000 	/System/Library/PrivateFrameworks/SecCodeWrapper.framework/Versions/A/SecCodeWrapper
0x000000012bdd2000 	/System/Library/Frameworks/FileProvider.framework/OverrideBundles/FileProviderOverride.bundle/Contents/MacOS/FileProviderOverride
0x000000012be9d000 	/System/Library/Frameworks/FileProvider.framework/OverrideBundles/FinderSyncCollaborationFileProviderOverride.bundle/Contents/MacOS/FinderSyncCollaborationFileProviderOverride
0x00007ff923f6a000 	/System/Library/PrivateFrameworks/FinderSyncPriv.framework/Versions/A/FinderSyncPriv
0x00007ff814e52000 	/System/Library/Frameworks/CloudKit.framework/Versions/A/CloudKit
0x00007ff8224dd000 	/System/Library/PrivateFrameworks/C2.framework/Versions/A/C2
0x00007ff815dd8000 	/System/Library/Frameworks/CoreLocation.framework/Versions/A/CoreLocation
0x00007ffb0fa2e000 	/System/Library/PrivateFrameworks/CloudKitDistributedSync.framework/Versions/A/CloudKitDistributedSync
0x00007ff8224d5000 	/System/Library/Frameworks/PushKit.framework/Versions/A/PushKit
0x00007ff82083a000 	/System/Library/PrivateFrameworks/CoreTime.framework/Versions/A/CoreTime
0x00007ff823fce000 	/System/Library/PrivateFrameworks/RTCReporting.framework/Versions/A/RTCReporting
0x00007ff81c84e000 	/System/Library/PrivateFrameworks/GeoServices.framework/Versions/A/GeoServices
0x00007ff81aeab000 	/System/Library/PrivateFrameworks/LocationSupport.framework/Versions/A/LocationSupport
0x00007ffb13abc000 	/System/Library/PrivateFrameworks/GeoServicesCore.framework/Versions/A/GeoServicesCore
0x00007ff90f012000 	/System/Library/PrivateFrameworks/PhoneNumbers.framework/Versions/A/PhoneNumbers
0x00007ff91165d000 	/usr/lib/libFosl_dynamic.dylib
0x00007ff91761e000 	/usr/lib/libncurses.5.4.dylib
0x00007ffa1d6f7000 	/System/Library/Extensions/AppleIntelBDWGraphicsMTLDriver.bundle/Contents/MacOS/AppleIntelBDWGraphicsMTLDriver
0x00007ff91386e000 	/System/Library/PrivateFrameworks/GPURawCounter.framework/Versions/A/GPURawCounter
0x00007ff81e9bc000 	/System/Library/PrivateFrameworks/SystemAdministration.framework/Versions/A/SystemAdministration
0x00007ff81a203000 	/System/Library/Frameworks/MediaToolbox.framework/Versions/A/MediaToolbox
0x00007ff81e26c000 	/System/Library/Frameworks/DirectoryService.framework/Versions/A/DirectoryService
0x00007ff821c3e000 	/System/Library/PrivateFrameworks/DiskImages.framework/Versions/A/DiskImages
0x00007ff821e1a000 	/System/Library/PrivateFrameworks/LoginUIKit.framework/Versions/A/Frameworks/LoginUICore.framework/Versions/A/LoginUICore
0x00007ff819753000 	/usr/lib/libodfde.dylib
0x00007ff81faab000 	/System/Library/PrivateFrameworks/CoreAVCHD.framework/Versions/A/CoreAVCHD
0x00007ff81e980000 	/System/Library/Frameworks/MediaAccessibility.framework/Versions/A/MediaAccessibility
0x00007ff81faa7000 	/System/Library/PrivateFrameworks/Mangrove.framework/Versions/A/Mangrove
0x00007ff81e98b000 	/System/Library/PrivateFrameworks/AlgosScoreFramework.framework/Versions/A/AlgosScoreFramework
0x00007ffb0f827000 	/System/Library/PrivateFrameworks/CMPhoto.framework/Versions/A/CMPhoto
0x00007ff8205ff000 	/System/Library/PrivateFrameworks/AppleVPA.framework/Versions/A/AppleVPA
0x00007ff81f6ec000 	/System/Library/PrivateFrameworks/CoreAUC.framework/Versions/A/CoreAUC
0x00007ff821dac000 	/usr/lib/libcurl.4.dylib
0x00007ffb2621f000 	/usr/lib/libcrypto.46.dylib
0x00007ffb26714000 	/usr/lib/libssl.48.dylib
0x00007ff821ad0000 	/System/Library/Frameworks/LDAP.framework/Versions/A/LDAP
0x00007ff821b08000 	/System/Library/PrivateFrameworks/TrustEvaluationAgent.framework/Versions/A/TrustEvaluationAgent
0x00007ff81b154000 	/usr/lib/libsasl2.2.dylib


VM Arguments:
jvm_args: --module-path=/Users/macbookair/Documents/JavaLibs/javafx-sdk-11.0.2/lib --add-modules=javafx.controls,javafx.fxml 
java_command: Main
java_class_path (initial): /Users/macbookair/Documents/Escola/PreTeste/PreTeste/bin:/Users/macbookair/Documents/JavaLibs/javafx-sdk-11.0.2/lib/javafx.web.jar:/Users/macbookair/Documents/JavaLibs/javafx-sdk-11.0.2/lib/javafx.base.jar:/Users/macbookair/Documents/JavaLibs/javafx-sdk-11.0.2/lib/javafx.controls.jar:/Users/macbookair/Documents/JavaLibs/javafx-sdk-11.0.2/lib/javafx.media.jar:/Users/macbookair/Documents/JavaLibs/javafx-sdk-11.0.2/lib/javafx-swt.jar:/Users/macbookair/Documents/JavaLibs/javafx-sdk-11.0.2/lib/javafx.graphics.jar:/Users/macbookair/Documents/Escola/PreTeste/PreTeste/lib/mssql-jdbc-11.2.0.jre11.jar:/Users/macbookair/Documents/JavaLibs/javafx-sdk-11.0.2/lib/javafx.fxml.jar:/Users/macbookair/Documents/JavaLibs/javafx-sdk-11.0.2/lib/javafx.swing.jar
Launcher Type: SUN_STANDARD

[Global flags]
     intx CICompilerCount                          = 3                                         {product} {ergonomic}
     uint ConcGCThreads                            = 1                                         {product} {ergonomic}
     uint G1ConcRefinementThreads                  = 4                                         {product} {ergonomic}
   size_t G1HeapRegionSize                         = 1048576                                   {product} {ergonomic}
    uintx GCDrainStackTargetSize                   = 64                                        {product} {ergonomic}
   size_t InitialHeapSize                          = 134217728                                 {product} {ergonomic}
   size_t MarkStackSize                            = 4194304                                   {product} {ergonomic}
   size_t MaxHeapSize                              = 2147483648                                {product} {ergonomic}
   size_t MaxNewSize                               = 1287651328                                {product} {ergonomic}
   size_t MinHeapDeltaBytes                        = 1048576                                   {product} {ergonomic}
    uintx NonNMethodCodeHeapSize                   = 5830732                                {pd product} {ergonomic}
    uintx NonProfiledCodeHeapSize                  = 122913754                              {pd product} {ergonomic}
    uintx ProfiledCodeHeapSize                     = 122913754                              {pd product} {ergonomic}
    uintx ReservedCodeCacheSize                    = 251658240                              {pd product} {ergonomic}
     bool SegmentedCodeCache                       = true                                      {product} {ergonomic}
     bool UseCompressedClassPointers               = true                                 {lp64_product} {ergonomic}
     bool UseCompressedOops                        = true                                 {lp64_product} {ergonomic}
     bool UseG1GC                                  = true                                      {product} {ergonomic}

Logging:
Log output configuration:
 #0: stdout all=warning uptime,level,tags
 #1: stderr all=off uptime,level,tags

Environment Variables:
PATH=/Users/macbookair/Library/Android/sdk/tools:/Users/macbookair/Library/Android/sdk/build-tools:/usr/local/bin:/usr/bin:/bin:/usr/sbin:/sbin:/Applications/VMware Fusion.app/Contents/Public:/usr/local/share/dotnet:~/.dotnet/tools:/Library/Apple/usr/bin:/Library/Frameworks/Mono.framework/Versions/Current/Commands:/Users/macbookair/Library/Android/sdk/tools:/Users/macbookair/Library/Android/sdk/build-tools:/Users/macbookair/fvm/default/bin:/Users/macbookair/.pub-cache/bin:/Users/macbookair/Library/Caches/Homebrew/downloads/heroku/bin:/Users/macbookair/fvm/default/bin:/Users/macbookair/.pub-cache/bin:/Users/macbookair/Library/Caches/Homebrew/downloads/heroku/bin
SHELL=/bin/bash
LANG=en_US.UTF-8

Signal Handlers:
SIGSEGV: [libjvm.dylib+0x7d523e], sa_mask[0]=11111111011111110111111111111111, sa_flags=SA_ONSTACK|SA_RESTART|SA_SIGINFO
SIGBUS: [libjvm.dylib+0x7d523e], sa_mask[0]=11111111011111110111111111111111, sa_flags=SA_RESTART|SA_SIGINFO
SIGFPE: [libjvm.dylib+0x7d523e], sa_mask[0]=11111111011111110111111111111111, sa_flags=SA_RESTART|SA_SIGINFO
SIGPIPE: [libjvm.dylib+0x6372b8], sa_mask[0]=11111111011111110111111111111111, sa_flags=SA_RESTART|SA_SIGINFO
SIGXFSZ: [libjvm.dylib+0x6372b8], sa_mask[0]=11111111011111110111111111111111, sa_flags=SA_RESTART|SA_SIGINFO
SIGILL: [libjvm.dylib+0x7d523e], sa_mask[0]=11111111011111110111111111111111, sa_flags=SA_RESTART|SA_SIGINFO
SIGUSR2: [libjvm.dylib+0x63789d], sa_mask[0]=00000000000000000000000000000000, sa_flags=SA_RESTART|SA_SIGINFO
SIGHUP: [libjvm.dylib+0x636427], sa_mask[0]=11111111011111110111111111111111, sa_flags=SA_RESTART|SA_SIGINFO
SIGINT: [libjvm.dylib+0x636427], sa_mask[0]=11111111011111110111111111111111, sa_flags=SA_RESTART|SA_SIGINFO
SIGTERM: [libjvm.dylib+0x636427], sa_mask[0]=11111111011111110111111111111111, sa_flags=SA_RESTART|SA_SIGINFO
SIGQUIT: [libjvm.dylib+0x636427], sa_mask[0]=11111111011111110111111111111111, sa_flags=SA_RESTART|SA_SIGINFO


---------------  S Y S T E M  ---------------

OS:uname:Darwin 21.6.0 Darwin Kernel Version 21.6.0: Wed Aug 10 14:25:27 PDT 2022; root:xnu-8020.141.5~2/RELEASE_X86_64 x86_64
OS uptime: 0 days 11:46 hours
rlimit (soft/hard): STACK 8192k/65532k , CORE 0k/infinity , NPROC 1392/2088 , NOFILE 10240/infinity , AS infinity/infinity , CPU infinity/infinity , DATA infinity/infinity , FSIZE infinity/infinity , MEMLOCK infinity/infinity , RSS infinity/infinity
load average:5.86 5.02 4.61

CPU:total 4 (initial active 4) (2 cores per cpu, 2 threads per core) family 6 model 61 stepping 4 microcode 0x2f, cmov, cx8, fxsr, mmx, sse, sse2, sse3, ssse3, sse4.1, sse4.2, popcnt, avx, avx2, aes, clmul, erms, rtm, 3dnowpref, lzcnt, ht, tsc, tscinvbit, bmi1, bmi2, adx, fma

Memory: 4k page, physical 8388608k(107132k free), swap 3145728k(634112k free)

vm_info: OpenJDK 64-Bit Server VM (11.0.12+7) for bsd-amd64 JRE (11.0.12+7), built on Jul 21 2021 15:42:47 by "runner" with clang 4.2.1 Compatible Apple LLVM 9.1.0 (clang-902.0.39.2)

END.
